<?xml version="1.0" encoding="UTF-8"?>
<testsuites>
  <testsuite name="" tests="27" assertions="63" errors="0" warnings="0" failures="0" skipped="0" time="0.010638">
    <testsuite name="Test Suite" tests="27" assertions="63" errors="0" warnings="0" failures="0" skipped="0" time="0.010638">
      <testsuite name="Infection\E2ETests\PHPUnit_09_3\Tests\Covered\CalculatorTest" file="/path/to/infection/tests/e2e/PHPUnit_09-3/tests/Covered/CalculatorTest.php" tests="12" assertions="23" errors="0" warnings="0" failures="0" skipped="0" time="0.006446">
        <testsuite name="Infection\E2ETests\PHPUnit_09_3\Tests\Covered\CalculatorTest::test_add" tests="3" assertions="3" errors="0" warnings="0" failures="0" skipped="0" time="0.004078">
          <testcase name="test_add with data set #0" class="Infection\E2ETests\PHPUnit_09_3\Tests\Covered\CalculatorTest" classname="Infection.E2ETests.PHPUnit_09_3.Tests.Covered.CalculatorTest" file="/path/to/infection/tests/e2e/PHPUnit_09-3/tests/Covered/CalculatorTest.php" line="22" assertions="1" time="0.003796"/>
          <testcase name="test_add with data set #1" class="Infection\E2ETests\PHPUnit_09_3\Tests\Covered\CalculatorTest" classname="Infection.E2ETests.PHPUnit_09_3.Tests.Covered.CalculatorTest" file="/path/to/infection/tests/e2e/PHPUnit_09-3/tests/Covered/CalculatorTest.php" line="22" assertions="1" time="0.000153"/>
          <testcase name="test_add with data set #2" class="Infection\E2ETests\PHPUnit_09_3\Tests\Covered\CalculatorTest" classname="Infection.E2ETests.PHPUnit_09_3.Tests.Covered.CalculatorTest" file="/path/to/infection/tests/e2e/PHPUnit_09-3/tests/Covered/CalculatorTest.php" line="22" assertions="1" time="0.000129"/>
        </testsuite>
        <testsuite name="Infection\E2ETests\PHPUnit_09_3\Tests\Covered\CalculatorTest::test_subtract" tests="3" assertions="3" errors="0" warnings="0" failures="0" skipped="0" time="0.000386">
          <testcase name="test_subtract with data set #0" class="Infection\E2ETests\PHPUnit_09_3\Tests\Covered\CalculatorTest" classname="Infection.E2ETests.PHPUnit_09_3.Tests.Covered.CalculatorTest" file="/path/to/infection/tests/e2e/PHPUnit_09-3/tests/Covered/CalculatorTest.php" line="30" assertions="1" time="0.000138"/>
          <testcase name="test_subtract with data set #1" class="Infection\E2ETests\PHPUnit_09_3\Tests\Covered\CalculatorTest" classname="Infection.E2ETests.PHPUnit_09_3.Tests.Covered.CalculatorTest" file="/path/to/infection/tests/e2e/PHPUnit_09-3/tests/Covered/CalculatorTest.php" line="30" assertions="1" time="0.000125"/>
          <testcase name="test_subtract with data set #2" class="Infection\E2ETests\PHPUnit_09_3\Tests\Covered\CalculatorTest" classname="Infection.E2ETests.PHPUnit_09_3.Tests.Covered.CalculatorTest" file="/path/to/infection/tests/e2e/PHPUnit_09-3/tests/Covered/CalculatorTest.php" line="30" assertions="1" time="0.000123"/>
        </testsuite>
        <testcase name="test_multiply" class="Infection\E2ETests\PHPUnit_09_3\Tests\Covered\CalculatorTest" classname="Infection.E2ETests.PHPUnit_09_3.Tests.Covered.CalculatorTest" file="/path/to/infection/tests/e2e/PHPUnit_09-3/tests/Covered/CalculatorTest.php" line="42" assertions="3" time="0.000140"/>
        <testcase name="test_divide" class="Infection\E2ETests\PHPUnit_09_3\Tests\Covered\CalculatorTest" classname="Infection.E2ETests.PHPUnit_09_3.Tests.Covered.CalculatorTest" file="/path/to/infection/tests/e2e/PHPUnit_09-3/tests/Covered/CalculatorTest.php" line="49" assertions="3" time="0.000130"/>
        <testcase name="test_divide_by_zero_throws_exception" class="Infection\E2ETests\PHPUnit_09_3\Tests\Covered\CalculatorTest" classname="Infection.E2ETests.PHPUnit_09_3.Tests.Covered.CalculatorTest" file="/path/to/infection/tests/e2e/PHPUnit_09-3/tests/Covered/CalculatorTest.php" line="56" assertions="2" time="0.000806"/>
        <testcase name="test_is_positive" class="Infection\E2ETests\PHPUnit_09_3\Tests\Covered\CalculatorTest" classname="Infection.E2ETests.PHPUnit_09_3.Tests.Covered.CalculatorTest" file="/path/to/infection/tests/e2e/PHPUnit_09-3/tests/Covered/CalculatorTest.php" line="63" assertions="3" time="0.000637"/>
        <testcase name="test_absolute" class="Infection\E2ETests\PHPUnit_09_3\Tests\Covered\CalculatorTest" classname="Infection.E2ETests.PHPUnit_09_3.Tests.Covered.CalculatorTest" file="/path/to/infection/tests/e2e/PHPUnit_09-3/tests/Covered/CalculatorTest.php" line="70" assertions="2" time="0.000135"/>
        <testcase name="test_absolute_zero" class="Infection\E2ETests\PHPUnit_09_3\Tests\Covered\CalculatorTest" classname="Infection.E2ETests.PHPUnit_09_3.Tests.Covered.CalculatorTest" file="/path/to/infection/tests/e2e/PHPUnit_09-3/tests/Covered/CalculatorTest.php" line="76" assertions="4" time="0.000135"/>
      </testsuite>
      <testsuite name="Infection\E2ETests\PHPUnit_09_3\Tests\Covered\FunctionsTest" file="/path/to/infection/tests/e2e/PHPUnit_09-3/tests/Covered/FunctionsTest.php" tests="4" assertions="4" errors="0" warnings="0" failures="0" skipped="0" time="0.000505">
        <testcase name="test_format_name_with_both_names" class="Infection\E2ETests\PHPUnit_09_3\Tests\Covered\FunctionsTest" classname="Infection.E2ETests.PHPUnit_09_3.Tests.Covered.FunctionsTest" file="/path/to/infection/tests/e2e/PHPUnit_09-3/tests/Covered/FunctionsTest.php" line="13" assertions="1" time="0.000136"/>
        <testcase name="test_format_name_with_first_name_only" class="Infection\E2ETests\PHPUnit_09_3\Tests\Covered\FunctionsTest" classname="Infection.E2ETests.PHPUnit_09_3.Tests.Covered.FunctionsTest" file="/path/to/infection/tests/e2e/PHPUnit_09-3/tests/Covered/FunctionsTest.php" line="18" assertions="1" time="0.000122"/>
        <testcase name="test_format_name_with_last_name_only" class="Infection\E2ETests\PHPUnit_09_3\Tests\Covered\FunctionsTest" classname="Infection.E2ETests.PHPUnit_09_3.Tests.Covered.FunctionsTest" file="/path/to/infection/tests/e2e/PHPUnit_09-3/tests/Covered/FunctionsTest.php" line="23" assertions="1" time="0.000122"/>
        <testcase name="test_format_name_with_no_names" class="Infection\E2ETests\PHPUnit_09_3\Tests\Covered\FunctionsTest" classname="Infection.E2ETests.PHPUnit_09_3.Tests.Covered.FunctionsTest" file="/path/to/infection/tests/e2e/PHPUnit_09-3/tests/Covered/FunctionsTest.php" line="28" assertions="1" time="0.000124"/>
      </testsuite>
      <testsuite name="Infection\E2ETests\PHPUnit_09_3\Tests\Covered\UserServiceTest" file="/path/to/infection/tests/e2e/PHPUnit_09-3/tests/Covered/UserServiceTest.php" tests="11" assertions="36" errors="0" warnings="0" failures="0" skipped="0" time="0.003686">
        <testcase name="test_add_user_successfully" class="Infection\E2ETests\PHPUnit_09_3\Tests\Covered\UserServiceTest" classname="Infection.E2ETests.PHPUnit_09_3.Tests.Covered.UserServiceTest" file="/path/to/infection/tests/e2e/PHPUnit_09-3/tests/Covered/UserServiceTest.php" line="23" assertions="3" time="0.000535"/>
        <testcase name="test_add_user_with_empty_name_fails" class="Infection\E2ETests\PHPUnit_09_3\Tests\Covered\UserServiceTest" classname="Infection.E2ETests.PHPUnit_09_3.Tests.Covered.UserServiceTest" file="/path/to/infection/tests/e2e/PHPUnit_09-3/tests/Covered/UserServiceTest.php" line="32" assertions="4" time="0.000391"/>
        <testcase name="test_add_user_with_empty_email_fails" class="Infection\E2ETests\PHPUnit_09_3\Tests\Covered\UserServiceTest" classname="Infection.E2ETests.PHPUnit_09_3.Tests.Covered.UserServiceTest" file="/path/to/infection/tests/e2e/PHPUnit_09-3/tests/Covered/UserServiceTest.php" line="44" assertions="4" time="0.000144"/>
        <testcase name="test_add_duplicate_user_fails" class="Infection\E2ETests\PHPUnit_09_3\Tests\Covered\UserServiceTest" classname="Infection.E2ETests.PHPUnit_09_3.Tests.Covered.UserServiceTest" file="/path/to/infection/tests/e2e/PHPUnit_09-3/tests/Covered/UserServiceTest.php" line="56" assertions="4" time="0.000150"/>
        <testcase name="test_remove_user_successfully" class="Infection\E2ETests\PHPUnit_09_3\Tests\Covered\UserServiceTest" classname="Infection.E2ETests.PHPUnit_09_3.Tests.Covered.UserServiceTest" file="/path/to/infection/tests/e2e/PHPUnit_09-3/tests/Covered/UserServiceTest.php" line="71" assertions="4" time="0.000150"/>
        <testcase name="test_remove_non_existent_user_fails" class="Infection\E2ETests\PHPUnit_09_3\Tests\Covered\UserServiceTest" classname="Infection.E2ETests.PHPUnit_09_3.Tests.Covered.UserServiceTest" file="/path/to/infection/tests/e2e/PHPUnit_09-3/tests/Covered/UserServiceTest.php" line="86" assertions="3" time="0.000139"/>
        <testcase name="test_get_user_returns_user_data" class="Infection\E2ETests\PHPUnit_09_3\Tests\Covered\UserServiceTest" classname="Infection.E2ETests.PHPUnit_09_3.Tests.Covered.UserServiceTest" file="/path/to/infection/tests/e2e/PHPUnit_09-3/tests/Covered/UserServiceTest.php" line="97" assertions="3" time="0.000364"/>
        <testcase name="test_get_user_returns_null_for_non_existent_user" class="Infection\E2ETests\PHPUnit_09_3\Tests\Covered\UserServiceTest" classname="Infection.E2ETests.PHPUnit_09_3.Tests.Covered.UserServiceTest" file="/path/to/infection/tests/e2e/PHPUnit_09-3/tests/Covered/UserServiceTest.php" line="107" assertions="1" time="0.000285"/>
        <testcase name="test_user_exists" class="Infection\E2ETests\PHPUnit_09_3\Tests\Covered\UserServiceTest" classname="Infection.E2ETests.PHPUnit_09_3.Tests.Covered.UserServiceTest" file="/path/to/infection/tests/e2e/PHPUnit_09-3/tests/Covered/UserServiceTest.php" line="114" assertions="2" time="0.000133"/>
        <testcase name="test_logger_trait_methods" class="Infection\E2ETests\PHPUnit_09_3\Tests\Covered\UserServiceTest" classname="Infection.E2ETests.PHPUnit_09_3.Tests.Covered.UserServiceTest" file="/path/to/infection/tests/e2e/PHPUnit_09-3/tests/Covered/UserServiceTest.php" line="123" assertions="6" time="0.000825"/>
        <testcase name="test_log_method_is_public" class="Infection\E2ETests\PHPUnit_09_3\Tests\Covered\UserServiceTest" classname="Infection.E2ETests.PHPUnit_09_3.Tests.Covered.UserServiceTest" file="/path/to/infection/tests/e2e/PHPUnit_09-3/tests/Covered/UserServiceTest.php" line="139" assertions="2" time="0.000571"/>
      </testsuite>
    </testsuite>
  </testsuite>
</testsuites>
