<?xml version="1.0" encoding="UTF-8"?>
<testsuites>
  <testsuite name="" tests="27" assertions="63" errors="0" warnings="0" failures="0" skipped="0" time="0.010217">
    <testsuite name="Test Suite" tests="27" assertions="63" errors="0" warnings="0" failures="0" skipped="0" time="0.010217">
      <testsuite name="Infection\E2ETests\PHPUnit_09_3\Tests\Covered\CalculatorTest" file="/path/to/infection/tests/e2e/PHPUnit_09-3/tests/Covered/CalculatorTest.php" tests="12" assertions="23" errors="0" warnings="0" failures="0" skipped="0" time="0.005626">
        <testsuite name="Infection\E2ETests\PHPUnit_09_3\Tests\Covered\CalculatorTest::test_add" tests="3" assertions="3" errors="0" warnings="0" failures="0" skipped="0" time="0.003283">
          <testcase name="test_add with data set #0" class="Infection\E2ETests\PHPUnit_09_3\Tests\Covered\CalculatorTest" classname="Infection.E2ETests.PHPUnit_09_3.Tests.Covered.CalculatorTest" file="/path/to/infection/tests/e2e/PHPUnit_09-3/tests/Covered/CalculatorTest.php" line="23" assertions="1" time="0.002946"/>
          <testcase name="test_add with data set #1" class="Infection\E2ETests\PHPUnit_09_3\Tests\Covered\CalculatorTest" classname="Infection.E2ETests.PHPUnit_09_3.Tests.Covered.CalculatorTest" file="/path/to/infection/tests/e2e/PHPUnit_09-3/tests/Covered/CalculatorTest.php" line="23" assertions="1" time="0.000178"/>
          <testcase name="test_add with data set #2" class="Infection\E2ETests\PHPUnit_09_3\Tests\Covered\CalculatorTest" classname="Infection.E2ETests.PHPUnit_09_3.Tests.Covered.CalculatorTest" file="/path/to/infection/tests/e2e/PHPUnit_09-3/tests/Covered/CalculatorTest.php" line="23" assertions="1" time="0.000158"/>
        </testsuite>
        <testsuite name="Infection\E2ETests\PHPUnit_09_3\Tests\Covered\CalculatorTest::test_subtract" tests="3" assertions="3" errors="0" warnings="0" failures="0" skipped="0" time="0.000462">
          <testcase name="test_subtract with data set #0" class="Infection\E2ETests\PHPUnit_09_3\Tests\Covered\CalculatorTest" classname="Infection.E2ETests.PHPUnit_09_3.Tests.Covered.CalculatorTest" file="/path/to/infection/tests/e2e/PHPUnit_09-3/tests/Covered/CalculatorTest.php" line="31" assertions="1" time="0.000166"/>
          <testcase name="test_subtract with data set #1" class="Infection\E2ETests\PHPUnit_09_3\Tests\Covered\CalculatorTest" classname="Infection.E2ETests.PHPUnit_09_3.Tests.Covered.CalculatorTest" file="/path/to/infection/tests/e2e/PHPUnit_09-3/tests/Covered/CalculatorTest.php" line="31" assertions="1" time="0.000150"/>
          <testcase name="test_subtract with data set #2" class="Infection\E2ETests\PHPUnit_09_3\Tests\Covered\CalculatorTest" classname="Infection.E2ETests.PHPUnit_09_3.Tests.Covered.CalculatorTest" file="/path/to/infection/tests/e2e/PHPUnit_09-3/tests/Covered/CalculatorTest.php" line="31" assertions="1" time="0.000147"/>
        </testsuite>
        <testcase name="test_multiply" class="Infection\E2ETests\PHPUnit_09_3\Tests\Covered\CalculatorTest" classname="Infection.E2ETests.PHPUnit_09_3.Tests.Covered.CalculatorTest" file="/path/to/infection/tests/e2e/PHPUnit_09-3/tests/Covered/CalculatorTest.php" line="43" assertions="3" time="0.000161"/>
        <testcase name="test_divide" class="Infection\E2ETests\PHPUnit_09_3\Tests\Covered\CalculatorTest" classname="Infection.E2ETests.PHPUnit_09_3.Tests.Covered.CalculatorTest" file="/path/to/infection/tests/e2e/PHPUnit_09-3/tests/Covered/CalculatorTest.php" line="50" assertions="3" time="0.000160"/>
        <testcase name="test_divide_by_zero_throws_exception" class="Infection\E2ETests\PHPUnit_09_3\Tests\Covered\CalculatorTest" classname="Infection.E2ETests.PHPUnit_09_3.Tests.Covered.CalculatorTest" file="/path/to/infection/tests/e2e/PHPUnit_09-3/tests/Covered/CalculatorTest.php" line="57" assertions="2" time="0.000943"/>
        <testcase name="test_is_positive" class="Infection\E2ETests\PHPUnit_09_3\Tests\Covered\CalculatorTest" classname="Infection.E2ETests.PHPUnit_09_3.Tests.Covered.CalculatorTest" file="/path/to/infection/tests/e2e/PHPUnit_09-3/tests/Covered/CalculatorTest.php" line="64" assertions="3" time="0.000292"/>
        <testcase name="test_absolute" class="Infection\E2ETests\PHPUnit_09_3\Tests\Covered\CalculatorTest" classname="Infection.E2ETests.PHPUnit_09_3.Tests.Covered.CalculatorTest" file="/path/to/infection/tests/e2e/PHPUnit_09-3/tests/Covered/CalculatorTest.php" line="71" assertions="2" time="0.000158"/>
        <testcase name="test_absolute_zero" class="Infection\E2ETests\PHPUnit_09_3\Tests\Covered\CalculatorTest" classname="Infection.E2ETests.PHPUnit_09_3.Tests.Covered.CalculatorTest" file="/path/to/infection/tests/e2e/PHPUnit_09-3/tests/Covered/CalculatorTest.php" line="77" assertions="4" time="0.000166"/>
      </testsuite>
      <testsuite name="Infection\E2ETests\PHPUnit_09_3\Tests\Covered\FunctionsTest" file="/path/to/infection/tests/e2e/PHPUnit_09-3/tests/Covered/FunctionsTest.php" tests="4" assertions="4" errors="0" warnings="0" failures="0" skipped="0" time="0.000609">
        <testcase name="test_format_name_with_both_names" class="Infection\E2ETests\PHPUnit_09_3\Tests\Covered\FunctionsTest" classname="Infection.E2ETests.PHPUnit_09_3.Tests.Covered.FunctionsTest" file="/path/to/infection/tests/e2e/PHPUnit_09-3/tests/Covered/FunctionsTest.php" line="14" assertions="1" time="0.000153"/>
        <testcase name="test_format_name_with_first_name_only" class="Infection\E2ETests\PHPUnit_09_3\Tests\Covered\FunctionsTest" classname="Infection.E2ETests.PHPUnit_09_3.Tests.Covered.FunctionsTest" file="/path/to/infection/tests/e2e/PHPUnit_09-3/tests/Covered/FunctionsTest.php" line="19" assertions="1" time="0.000156"/>
        <testcase name="test_format_name_with_last_name_only" class="Infection\E2ETests\PHPUnit_09_3\Tests\Covered\FunctionsTest" classname="Infection.E2ETests.PHPUnit_09_3.Tests.Covered.FunctionsTest" file="/path/to/infection/tests/e2e/PHPUnit_09-3/tests/Covered/FunctionsTest.php" line="24" assertions="1" time="0.000152"/>
        <testcase name="test_format_name_with_no_names" class="Infection\E2ETests\PHPUnit_09_3\Tests\Covered\FunctionsTest" classname="Infection.E2ETests.PHPUnit_09_3.Tests.Covered.FunctionsTest" file="/path/to/infection/tests/e2e/PHPUnit_09-3/tests/Covered/FunctionsTest.php" line="29" assertions="1" time="0.000148"/>
      </testsuite>
      <testsuite name="Infection\E2ETests\PHPUnit_09_3\Tests\Covered\UserServiceTest" file="/path/to/infection/tests/e2e/PHPUnit_09-3/tests/Covered/UserServiceTest.php" tests="11" assertions="36" errors="0" warnings="0" failures="0" skipped="0" time="0.003983">
        <testcase name="test_add_user_successfully" class="Infection\E2ETests\PHPUnit_09_3\Tests\Covered\UserServiceTest" classname="Infection.E2ETests.PHPUnit_09_3.Tests.Covered.UserServiceTest" file="/path/to/infection/tests/e2e/PHPUnit_09-3/tests/Covered/UserServiceTest.php" line="22" assertions="3" time="0.000545"/>
        <testcase name="test_add_user_with_empty_name_fails" class="Infection\E2ETests\PHPUnit_09_3\Tests\Covered\UserServiceTest" classname="Infection.E2ETests.PHPUnit_09_3.Tests.Covered.UserServiceTest" file="/path/to/infection/tests/e2e/PHPUnit_09-3/tests/Covered/UserServiceTest.php" line="31" assertions="4" time="0.000365"/>
        <testcase name="test_add_user_with_empty_email_fails" class="Infection\E2ETests\PHPUnit_09_3\Tests\Covered\UserServiceTest" classname="Infection.E2ETests.PHPUnit_09_3.Tests.Covered.UserServiceTest" file="/path/to/infection/tests/e2e/PHPUnit_09-3/tests/Covered/UserServiceTest.php" line="43" assertions="4" time="0.000215"/>
        <testcase name="test_add_duplicate_user_fails" class="Infection\E2ETests\PHPUnit_09_3\Tests\Covered\UserServiceTest" classname="Infection.E2ETests.PHPUnit_09_3.Tests.Covered.UserServiceTest" file="/path/to/infection/tests/e2e/PHPUnit_09-3/tests/Covered/UserServiceTest.php" line="55" assertions="4" time="0.000203"/>
        <testcase name="test_remove_user_successfully" class="Infection\E2ETests\PHPUnit_09_3\Tests\Covered\UserServiceTest" classname="Infection.E2ETests.PHPUnit_09_3.Tests.Covered.UserServiceTest" file="/path/to/infection/tests/e2e/PHPUnit_09-3/tests/Covered/UserServiceTest.php" line="70" assertions="4" time="0.000199"/>
        <testcase name="test_remove_non_existent_user_fails" class="Infection\E2ETests\PHPUnit_09_3\Tests\Covered\UserServiceTest" classname="Infection.E2ETests.PHPUnit_09_3.Tests.Covered.UserServiceTest" file="/path/to/infection/tests/e2e/PHPUnit_09-3/tests/Covered/UserServiceTest.php" line="85" assertions="3" time="0.000178"/>
        <testcase name="test_get_user_returns_user_data" class="Infection\E2ETests\PHPUnit_09_3\Tests\Covered\UserServiceTest" classname="Infection.E2ETests.PHPUnit_09_3.Tests.Covered.UserServiceTest" file="/path/to/infection/tests/e2e/PHPUnit_09-3/tests/Covered/UserServiceTest.php" line="96" assertions="3" time="0.000475"/>
        <testcase name="test_get_user_returns_null_for_non_existent_user" class="Infection\E2ETests\PHPUnit_09_3\Tests\Covered\UserServiceTest" classname="Infection.E2ETests.PHPUnit_09_3.Tests.Covered.UserServiceTest" file="/path/to/infection/tests/e2e/PHPUnit_09-3/tests/Covered/UserServiceTest.php" line="106" assertions="1" time="0.000381"/>
        <testcase name="test_user_exists" class="Infection\E2ETests\PHPUnit_09_3\Tests\Covered\UserServiceTest" classname="Infection.E2ETests.PHPUnit_09_3.Tests.Covered.UserServiceTest" file="/path/to/infection/tests/e2e/PHPUnit_09-3/tests/Covered/UserServiceTest.php" line="113" assertions="2" time="0.000202"/>
        <testcase name="test_logger_trait_methods" class="Infection\E2ETests\PHPUnit_09_3\Tests\Covered\UserServiceTest" classname="Infection.E2ETests.PHPUnit_09_3.Tests.Covered.UserServiceTest" file="/path/to/infection/tests/e2e/PHPUnit_09-3/tests/Covered/UserServiceTest.php" line="122" assertions="6" time="0.000904"/>
        <testcase name="test_log_method_is_public" class="Infection\E2ETests\PHPUnit_09_3\Tests\Covered\UserServiceTest" classname="Infection.E2ETests.PHPUnit_09_3.Tests.Covered.UserServiceTest" file="/path/to/infection/tests/e2e/PHPUnit_09-3/tests/Covered/UserServiceTest.php" line="138" assertions="2" time="0.000316"/>
      </testsuite>
    </testsuite>
  </testsuite>
</testsuites>
