<?xml version="1.0" encoding="UTF-8"?>
<testsuites>
  <testsuite name="Test Suite" tests="1" assertions="1" errors="0" failures="0" skipped="0" time="0.008013">
    <testsuite name="Namespace_\Test\SourceClassTest" file="tests/SourceClassTest.php" tests="1" assertions="1" errors="0" failures="0" skipped="0" time="0.008013">
      <testcase name="test_hello" class="Namespace_\Test\SourceClassTest" classname="Namespace_.Test.SourceClassTest" file="tests/SourceClassTest.php" line="10" assertions="1" time="0.008013"/>
    </testsuite>
  </testsuite>
</testsuites>
