<?xml version="1.0" encoding="UTF-8"?>
<testsuites>
  <testsuite name="Codeception_With_Suite_Overridings.acceptance" tests="8" assertions="10" errors="0" failures="0" skipped="0" time="0.009720">
    <testcase name="Calculator: Adding two numbers" file="/path/to/codeception-adapter/tests/e2e/Codeception_With_Suite_Overridings/tests/acceptance/calculator.feature" time="0.004580" assertions="1"/>
    <testcase name="Calculator: Subtracting two numbers" file="/path/to/codeception-adapter/tests/e2e/Codeception_With_Suite_Overridings/tests/acceptance/calculator.feature" time="0.000592" assertions="1"/>
    <testcase name="Calculator: Multiplying two numbers" file="/path/to/codeception-adapter/tests/e2e/Codeception_With_Suite_Overridings/tests/acceptance/calculator.feature" time="0.000519" assertions="1"/>
    <testcase name="Calculator: Dividing two numbers" file="/path/to/codeception-adapter/tests/e2e/Codeception_With_Suite_Overridings/tests/acceptance/calculator.feature" time="0.001476" assertions="1"/>
    <testcase name="Calculator: Division by zero throws error" file="/path/to/codeception-adapter/tests/e2e/Codeception_With_Suite_Overridings/tests/acceptance/calculator.feature" time="0.000911" assertions="3"/>
    <testcase name="Calculator: Checking if numbers are positive | 5, true" file="/path/to/codeception-adapter/tests/e2e/Codeception_With_Suite_Overridings/tests/acceptance/calculator.feature" time="0.000558" assertions="1"/>
    <testcase name="Calculator: Checking if numbers are positive | 0, true" file="/path/to/codeception-adapter/tests/e2e/Codeception_With_Suite_Overridings/tests/acceptance/calculator.feature" time="0.000506" assertions="1"/>
    <testcase name="Calculator: Checking if numbers are positive | -5, false" file="/path/to/codeception-adapter/tests/e2e/Codeception_With_Suite_Overridings/tests/acceptance/calculator.feature" time="0.000578" assertions="1"/>
  </testsuite>
  <testsuite name="Codeception_With_Suite_Overridings.integration" tests="2" assertions="2" errors="0" failures="0" skipped="0" time="0.005349">
    <testcase name="testGetStuffWithoutLimit" class="Codeception_With_Suite_Overridings\DatabaseTest" file="/path/to/codeception-adapter/tests/e2e/Codeception_With_Suite_Overridings/tests/integration/DatabaseTest.php" time="0.003943" assertions="1"/>
    <testcase name="testGetStuffWithLimit" class="Codeception_With_Suite_Overridings\DatabaseTest" file="/path/to/codeception-adapter/tests/e2e/Codeception_With_Suite_Overridings/tests/integration/DatabaseTest.php" time="0.001406" assertions="1"/>
  </testsuite>
  <testsuite name="Codeception_With_Suite_Overridings.unit" tests="23" assertions="47" errors="0" failures="0" skipped="0" time="0.028167">
    <testcase name="testAddition" class="Codeception_With_Suite_Overridings\Tests\unit\Covered\CalculatorTest" file="/path/to/codeception-adapter/tests/e2e/Codeception_With_Suite_Overridings/tests/unit/Covered/CalculatorTest.php" time="0.003190" assertions="3"/>
    <testcase name="testSubtraction" class="Codeception_With_Suite_Overridings\Tests\unit\Covered\CalculatorTest" file="/path/to/codeception-adapter/tests/e2e/Codeception_With_Suite_Overridings/tests/unit/Covered/CalculatorTest.php" time="0.001035" assertions="3"/>
    <testcase name="testMultiplication" class="Codeception_With_Suite_Overridings\Tests\unit\Covered\CalculatorTest" file="/path/to/codeception-adapter/tests/e2e/Codeception_With_Suite_Overridings/tests/unit/Covered/CalculatorTest.php" time="0.001425" assertions="4"/>
    <testcase name="testDivision" class="Codeception_With_Suite_Overridings\Tests\unit\Covered\CalculatorTest" file="/path/to/codeception-adapter/tests/e2e/Codeception_With_Suite_Overridings/tests/unit/Covered/CalculatorTest.php" time="0.000997" assertions="3"/>
    <testcase name="testDivisionByZero" class="Codeception_With_Suite_Overridings\Tests\unit\Covered\CalculatorTest" file="/path/to/codeception-adapter/tests/e2e/Codeception_With_Suite_Overridings/tests/unit/Covered/CalculatorTest.php" time="0.001323" assertions="2"/>
    <testcase name="testIsPositive" class="Codeception_With_Suite_Overridings\Tests\unit\Covered\CalculatorTest" file="/path/to/codeception-adapter/tests/e2e/Codeception_With_Suite_Overridings/tests/unit/Covered/CalculatorTest.php" time="0.001009" assertions="3"/>
    <testcase name="testAbsolute" class="Codeception_With_Suite_Overridings\Tests\unit\Covered\CalculatorTest" file="/path/to/codeception-adapter/tests/e2e/Codeception_With_Suite_Overridings/tests/unit/Covered/CalculatorTest.php" time="0.001087" assertions="3"/>
    <testcase name="testFormatFullName" class="Codeception_With_Suite_Overridings\Tests\unit\Covered\FormatNameFunctionTest" file="/path/to/codeception-adapter/tests/e2e/Codeception_With_Suite_Overridings/tests/unit/Covered/FormatNameFunctionTest.php" time="0.002010" assertions="1"/>
    <testcase name="testFormatFirstNameOnly" class="Codeception_With_Suite_Overridings\Tests\unit\Covered\FormatNameFunctionTest" file="/path/to/codeception-adapter/tests/e2e/Codeception_With_Suite_Overridings/tests/unit/Covered/FormatNameFunctionTest.php" time="0.000937" assertions="1"/>
    <testcase name="testFormatLastNameOnly" class="Codeception_With_Suite_Overridings\Tests\unit\Covered\FormatNameFunctionTest" file="/path/to/codeception-adapter/tests/e2e/Codeception_With_Suite_Overridings/tests/unit/Covered/FormatNameFunctionTest.php" time="0.000961" assertions="1"/>
    <testcase name="testFormatEmptyNames" class="Codeception_With_Suite_Overridings\Tests\unit\Covered\FormatNameFunctionTest" file="/path/to/codeception-adapter/tests/e2e/Codeception_With_Suite_Overridings/tests/unit/Covered/FormatNameFunctionTest.php" time="0.000948" assertions="1"/>
    <testcase name="testFormatWithSpaces" class="Codeception_With_Suite_Overridings\Tests\unit\Covered\FormatNameFunctionTest" file="/path/to/codeception-adapter/tests/e2e/Codeception_With_Suite_Overridings/tests/unit/Covered/FormatNameFunctionTest.php" time="0.001021" assertions="1"/>
    <testcase name="testAddUser" class="Codeception_With_Suite_Overridings\Tests\unit\Covered\UserServiceTest" file="/path/to/codeception-adapter/tests/e2e/Codeception_With_Suite_Overridings/tests/unit/Covered/UserServiceTest.php" time="0.002311" assertions="3"/>
    <testcase name="testAddUserWithEmptyName" class="Codeception_With_Suite_Overridings\Tests\unit\Covered\UserServiceTest" file="/path/to/codeception-adapter/tests/e2e/Codeception_With_Suite_Overridings/tests/unit/Covered/UserServiceTest.php" time="0.000980" assertions="2"/>
    <testcase name="testAddUserWithEmptyEmail" class="Codeception_With_Suite_Overridings\Tests\unit\Covered\UserServiceTest" file="/path/to/codeception-adapter/tests/e2e/Codeception_With_Suite_Overridings/tests/unit/Covered/UserServiceTest.php" time="0.001008" assertions="2"/>
    <testcase name="testAddDuplicateUser" class="Codeception_With_Suite_Overridings\Tests\unit\Covered\UserServiceTest" file="/path/to/codeception-adapter/tests/e2e/Codeception_With_Suite_Overridings/tests/unit/Covered/UserServiceTest.php" time="0.000973" assertions="2"/>
    <testcase name="testRemoveUser" class="Codeception_With_Suite_Overridings\Tests\unit\Covered\UserServiceTest" file="/path/to/codeception-adapter/tests/e2e/Codeception_With_Suite_Overridings/tests/unit/Covered/UserServiceTest.php" time="0.000956" assertions="2"/>
    <testcase name="testRemoveNonExistentUser" class="Codeception_With_Suite_Overridings\Tests\unit\Covered\UserServiceTest" file="/path/to/codeception-adapter/tests/e2e/Codeception_With_Suite_Overridings/tests/unit/Covered/UserServiceTest.php" time="0.000978" assertions="1"/>
    <testcase name="testGetUser" class="Codeception_With_Suite_Overridings\Tests\unit\Covered\UserServiceTest" file="/path/to/codeception-adapter/tests/e2e/Codeception_With_Suite_Overridings/tests/unit/Covered/UserServiceTest.php" time="0.001106" assertions="3"/>
    <testcase name="testGetNonExistentUser" class="Codeception_With_Suite_Overridings\Tests\unit\Covered\UserServiceTest" file="/path/to/codeception-adapter/tests/e2e/Codeception_With_Suite_Overridings/tests/unit/Covered/UserServiceTest.php" time="0.000942" assertions="1"/>
    <testcase name="testUserExists" class="Codeception_With_Suite_Overridings\Tests\unit\Covered\UserServiceTest" file="/path/to/codeception-adapter/tests/e2e/Codeception_With_Suite_Overridings/tests/unit/Covered/UserServiceTest.php" time="0.000956" assertions="2"/>
    <testcase name="testGetLogs" class="Codeception_With_Suite_Overridings\Tests\unit\Covered\UserServiceTest" file="/path/to/codeception-adapter/tests/e2e/Codeception_With_Suite_Overridings/tests/unit/Covered/UserServiceTest.php" time="0.001011" assertions="2"/>
    <testcase name="testClearLogs" class="Codeception_With_Suite_Overridings\Tests\unit\Covered\UserServiceTest" file="/path/to/codeception-adapter/tests/e2e/Codeception_With_Suite_Overridings/tests/unit/Covered/UserServiceTest.php" time="0.001002" assertions="1"/>
  </testsuite>
</testsuites>
