<?xml version="1.0" encoding="UTF-8"?>
<testsuites>
  <testsuite name="" tests="23" assertions="63" errors="0" warnings="0" failures="0" skipped="0" time="0.005072">
    <testsuite name="Test Suite" tests="23" assertions="63" errors="0" warnings="0" failures="0" skipped="0" time="0.005072">
      <testsuite name="Infection\E2ETests\PHPUnit_09_3\Tests\Covered\CalculatorTest" file="/path/to/infection/tests/e2e/PHPUnit_09-3/tests/Covered/CalculatorTest.php" tests="8" assertions="23" errors="0" warnings="0" failures="0" skipped="0" time="0.002260">
        <testcase name="test_add" class="Infection\E2ETests\PHPUnit_09_3\Tests\Covered\CalculatorTest" classname="Infection.E2ETests.PHPUnit_09_3.Tests.Covered.CalculatorTest" file="/path/to/infection/tests/e2e/PHPUnit_09-3/tests/Covered/CalculatorTest.php" line="19" assertions="3" time="0.001070"/>
        <testcase name="test_subtract" class="Infection\E2ETests\PHPUnit_09_3\Tests\Covered\CalculatorTest" classname="Infection.E2ETests.PHPUnit_09_3.Tests.Covered.CalculatorTest" file="/path/to/infection/tests/e2e/PHPUnit_09-3/tests/Covered/CalculatorTest.php" line="26" assertions="3" time="0.000168"/>
        <testcase name="test_multiply" class="Infection\E2ETests\PHPUnit_09_3\Tests\Covered\CalculatorTest" classname="Infection.E2ETests.PHPUnit_09_3.Tests.Covered.CalculatorTest" file="/path/to/infection/tests/e2e/PHPUnit_09-3/tests/Covered/CalculatorTest.php" line="33" assertions="3" time="0.000137"/>
        <testcase name="test_divide" class="Infection\E2ETests\PHPUnit_09_3\Tests\Covered\CalculatorTest" classname="Infection.E2ETests.PHPUnit_09_3.Tests.Covered.CalculatorTest" file="/path/to/infection/tests/e2e/PHPUnit_09-3/tests/Covered/CalculatorTest.php" line="40" assertions="3" time="0.000137"/>
        <testcase name="test_divide_by_zero_throws_exception" class="Infection\E2ETests\PHPUnit_09_3\Tests\Covered\CalculatorTest" classname="Infection.E2ETests.PHPUnit_09_3.Tests.Covered.CalculatorTest" file="/path/to/infection/tests/e2e/PHPUnit_09-3/tests/Covered/CalculatorTest.php" line="47" assertions="2" time="0.000299"/>
        <testcase name="test_is_positive" class="Infection\E2ETests\PHPUnit_09_3\Tests\Covered\CalculatorTest" classname="Infection.E2ETests.PHPUnit_09_3.Tests.Covered.CalculatorTest" file="/path/to/infection/tests/e2e/PHPUnit_09-3/tests/Covered/CalculatorTest.php" line="54" assertions="3" time="0.000197"/>
        <testcase name="test_absolute" class="Infection\E2ETests\PHPUnit_09_3\Tests\Covered\CalculatorTest" classname="Infection.E2ETests.PHPUnit_09_3.Tests.Covered.CalculatorTest" file="/path/to/infection/tests/e2e/PHPUnit_09-3/tests/Covered/CalculatorTest.php" line="61" assertions="2" time="0.000125"/>
        <testcase name="test_absolute_zero" class="Infection\E2ETests\PHPUnit_09_3\Tests\Covered\CalculatorTest" classname="Infection.E2ETests.PHPUnit_09_3.Tests.Covered.CalculatorTest" file="/path/to/infection/tests/e2e/PHPUnit_09-3/tests/Covered/CalculatorTest.php" line="67" assertions="4" time="0.000126"/>
      </testsuite>
      <testsuite name="Infection\E2ETests\PHPUnit_09_3\Tests\Covered\FunctionsTest" file="/path/to/infection/tests/e2e/PHPUnit_09-3/tests/Covered/FunctionsTest.php" tests="4" assertions="4" errors="0" warnings="0" failures="0" skipped="0" time="0.000482">
        <testcase name="test_format_name_with_both_names" class="Infection\E2ETests\PHPUnit_09_3\Tests\Covered\FunctionsTest" classname="Infection.E2ETests.PHPUnit_09_3.Tests.Covered.FunctionsTest" file="/path/to/infection/tests/e2e/PHPUnit_09-3/tests/Covered/FunctionsTest.php" line="13" assertions="1" time="0.000125"/>
        <testcase name="test_format_name_with_first_name_only" class="Infection\E2ETests\PHPUnit_09_3\Tests\Covered\FunctionsTest" classname="Infection.E2ETests.PHPUnit_09_3.Tests.Covered.FunctionsTest" file="/path/to/infection/tests/e2e/PHPUnit_09-3/tests/Covered/FunctionsTest.php" line="18" assertions="1" time="0.000120"/>
        <testcase name="test_format_name_with_last_name_only" class="Infection\E2ETests\PHPUnit_09_3\Tests\Covered\FunctionsTest" classname="Infection.E2ETests.PHPUnit_09_3.Tests.Covered.FunctionsTest" file="/path/to/infection/tests/e2e/PHPUnit_09-3/tests/Covered/FunctionsTest.php" line="23" assertions="1" time="0.000115"/>
        <testcase name="test_format_name_with_no_names" class="Infection\E2ETests\PHPUnit_09_3\Tests\Covered\FunctionsTest" classname="Infection.E2ETests.PHPUnit_09_3.Tests.Covered.FunctionsTest" file="/path/to/infection/tests/e2e/PHPUnit_09-3/tests/Covered/FunctionsTest.php" line="28" assertions="1" time="0.000122"/>
      </testsuite>
      <testsuite name="Infection\E2ETests\PHPUnit_09_3\Tests\Covered\UserServiceTest" file="/path/to/infection/tests/e2e/PHPUnit_09-3/tests/Covered/UserServiceTest.php" tests="11" assertions="36" errors="0" warnings="0" failures="0" skipped="0" time="0.002331">
        <testcase name="test_add_user_successfully" class="Infection\E2ETests\PHPUnit_09_3\Tests\Covered\UserServiceTest" classname="Infection.E2ETests.PHPUnit_09_3.Tests.Covered.UserServiceTest" file="/path/to/infection/tests/e2e/PHPUnit_09-3/tests/Covered/UserServiceTest.php" line="22" assertions="3" time="0.000380"/>
        <testcase name="test_add_user_with_empty_name_fails" class="Infection\E2ETests\PHPUnit_09_3\Tests\Covered\UserServiceTest" classname="Infection.E2ETests.PHPUnit_09_3.Tests.Covered.UserServiceTest" file="/path/to/infection/tests/e2e/PHPUnit_09-3/tests/Covered/UserServiceTest.php" line="31" assertions="4" time="0.000266"/>
        <testcase name="test_add_user_with_empty_email_fails" class="Infection\E2ETests\PHPUnit_09_3\Tests\Covered\UserServiceTest" classname="Infection.E2ETests.PHPUnit_09_3.Tests.Covered.UserServiceTest" file="/path/to/infection/tests/e2e/PHPUnit_09-3/tests/Covered/UserServiceTest.php" line="43" assertions="4" time="0.000156"/>
        <testcase name="test_add_duplicate_user_fails" class="Infection\E2ETests\PHPUnit_09_3\Tests\Covered\UserServiceTest" classname="Infection.E2ETests.PHPUnit_09_3.Tests.Covered.UserServiceTest" file="/path/to/infection/tests/e2e/PHPUnit_09-3/tests/Covered/UserServiceTest.php" line="55" assertions="4" time="0.000157"/>
        <testcase name="test_remove_user_successfully" class="Infection\E2ETests\PHPUnit_09_3\Tests\Covered\UserServiceTest" classname="Infection.E2ETests.PHPUnit_09_3.Tests.Covered.UserServiceTest" file="/path/to/infection/tests/e2e/PHPUnit_09-3/tests/Covered/UserServiceTest.php" line="70" assertions="4" time="0.000156"/>
        <testcase name="test_remove_non_existent_user_fails" class="Infection\E2ETests\PHPUnit_09_3\Tests\Covered\UserServiceTest" classname="Infection.E2ETests.PHPUnit_09_3.Tests.Covered.UserServiceTest" file="/path/to/infection/tests/e2e/PHPUnit_09-3/tests/Covered/UserServiceTest.php" line="85" assertions="3" time="0.000143"/>
        <testcase name="test_get_user_returns_user_data" class="Infection\E2ETests\PHPUnit_09_3\Tests\Covered\UserServiceTest" classname="Infection.E2ETests.PHPUnit_09_3.Tests.Covered.UserServiceTest" file="/path/to/infection/tests/e2e/PHPUnit_09-3/tests/Covered/UserServiceTest.php" line="96" assertions="3" time="0.000217"/>
        <testcase name="test_get_user_returns_null_for_non_existent_user" class="Infection\E2ETests\PHPUnit_09_3\Tests\Covered\UserServiceTest" classname="Infection.E2ETests.PHPUnit_09_3.Tests.Covered.UserServiceTest" file="/path/to/infection/tests/e2e/PHPUnit_09-3/tests/Covered/UserServiceTest.php" line="106" assertions="1" time="0.000158"/>
        <testcase name="test_user_exists" class="Infection\E2ETests\PHPUnit_09_3\Tests\Covered\UserServiceTest" classname="Infection.E2ETests.PHPUnit_09_3.Tests.Covered.UserServiceTest" file="/path/to/infection/tests/e2e/PHPUnit_09-3/tests/Covered/UserServiceTest.php" line="113" assertions="2" time="0.000132"/>
        <testcase name="test_logger_trait_methods" class="Infection\E2ETests\PHPUnit_09_3\Tests\Covered\UserServiceTest" classname="Infection.E2ETests.PHPUnit_09_3.Tests.Covered.UserServiceTest" file="/path/to/infection/tests/e2e/PHPUnit_09-3/tests/Covered/UserServiceTest.php" line="122" assertions="6" time="0.000354"/>
        <testcase name="test_log_method_is_public" class="Infection\E2ETests\PHPUnit_09_3\Tests\Covered\UserServiceTest" classname="Infection.E2ETests.PHPUnit_09_3.Tests.Covered.UserServiceTest" file="/path/to/infection/tests/e2e/PHPUnit_09-3/tests/Covered/UserServiceTest.php" line="138" assertions="2" time="0.000209"/>
      </testsuite>
    </testsuite>
  </testsuite>
</testsuites>
