<?xml version="1.0" encoding="UTF-8"?>
<testsuites>
  <testsuite name="/path/to/infection/tests/e2e/PHPUnit_10-1/phpunit.xml" tests="23" assertions="63" errors="0" failures="0" skipped="0" time="0.060266">
    <testsuite name="Test Suite" tests="23" assertions="63" errors="0" failures="0" skipped="0" time="0.060266">
      <testsuite name="Infection\E2ETests\PHPUnit_10_1\Tests\Covered\CalculatorTest" file="/path/to/infection/tests/e2e/PHPUnit_10-1/tests/Covered/CalculatorTest.php" tests="8" assertions="23" errors="0" failures="0" skipped="0" time="0.038394">
        <testcase name="test_add" file="/path/to/infection/tests/e2e/PHPUnit_10-1/tests/Covered/CalculatorTest.php" line="19" class="Infection\E2ETests\PHPUnit_10_1\Tests\Covered\CalculatorTest" classname="Infection.E2ETests.PHPUnit_10_1.Tests.Covered.CalculatorTest" assertions="3" time="0.030570"/>
        <testcase name="test_subtract" file="/path/to/infection/tests/e2e/PHPUnit_10-1/tests/Covered/CalculatorTest.php" line="26" class="Infection\E2ETests\PHPUnit_10_1\Tests\Covered\CalculatorTest" classname="Infection.E2ETests.PHPUnit_10_1.Tests.Covered.CalculatorTest" assertions="3" time="0.001163"/>
        <testcase name="test_multiply" file="/path/to/infection/tests/e2e/PHPUnit_10-1/tests/Covered/CalculatorTest.php" line="33" class="Infection\E2ETests\PHPUnit_10_1\Tests\Covered\CalculatorTest" classname="Infection.E2ETests.PHPUnit_10_1.Tests.Covered.CalculatorTest" assertions="3" time="0.001083"/>
        <testcase name="test_divide" file="/path/to/infection/tests/e2e/PHPUnit_10-1/tests/Covered/CalculatorTest.php" line="40" class="Infection\E2ETests\PHPUnit_10_1\Tests\Covered\CalculatorTest" classname="Infection.E2ETests.PHPUnit_10_1.Tests.Covered.CalculatorTest" assertions="3" time="0.001090"/>
        <testcase name="test_divide_by_zero_throws_exception" file="/path/to/infection/tests/e2e/PHPUnit_10-1/tests/Covered/CalculatorTest.php" line="47" class="Infection\E2ETests\PHPUnit_10_1\Tests\Covered\CalculatorTest" classname="Infection.E2ETests.PHPUnit_10_1.Tests.Covered.CalculatorTest" assertions="2" time="0.001298"/>
        <testcase name="test_is_positive" file="/path/to/infection/tests/e2e/PHPUnit_10-1/tests/Covered/CalculatorTest.php" line="54" class="Infection\E2ETests\PHPUnit_10_1\Tests\Covered\CalculatorTest" classname="Infection.E2ETests.PHPUnit_10_1.Tests.Covered.CalculatorTest" assertions="3" time="0.001131"/>
        <testcase name="test_absolute" file="/path/to/infection/tests/e2e/PHPUnit_10-1/tests/Covered/CalculatorTest.php" line="61" class="Infection\E2ETests\PHPUnit_10_1\Tests\Covered\CalculatorTest" classname="Infection.E2ETests.PHPUnit_10_1.Tests.Covered.CalculatorTest" assertions="2" time="0.000991"/>
        <testcase name="test_absolute_zero" file="/path/to/infection/tests/e2e/PHPUnit_10-1/tests/Covered/CalculatorTest.php" line="67" class="Infection\E2ETests\PHPUnit_10_1\Tests\Covered\CalculatorTest" classname="Infection.E2ETests.PHPUnit_10_1.Tests.Covered.CalculatorTest" assertions="4" time="0.001069"/>
      </testsuite>
      <testsuite name="Infection\E2ETests\PHPUnit_10_1\Tests\Covered\FunctionsTest" file="/path/to/infection/tests/e2e/PHPUnit_10-1/tests/Covered/FunctionsTest.php" tests="4" assertions="4" errors="0" failures="0" skipped="0" time="0.003324">
        <testcase name="test_format_name_with_both_names" file="/path/to/infection/tests/e2e/PHPUnit_10-1/tests/Covered/FunctionsTest.php" line="13" class="Infection\E2ETests\PHPUnit_10_1\Tests\Covered\FunctionsTest" classname="Infection.E2ETests.PHPUnit_10_1.Tests.Covered.FunctionsTest" assertions="1" time="0.000884"/>
        <testcase name="test_format_name_with_first_name_only" file="/path/to/infection/tests/e2e/PHPUnit_10-1/tests/Covered/FunctionsTest.php" line="18" class="Infection\E2ETests\PHPUnit_10_1\Tests\Covered\FunctionsTest" classname="Infection.E2ETests.PHPUnit_10_1.Tests.Covered.FunctionsTest" assertions="1" time="0.000824"/>
        <testcase name="test_format_name_with_last_name_only" file="/path/to/infection/tests/e2e/PHPUnit_10-1/tests/Covered/FunctionsTest.php" line="23" class="Infection\E2ETests\PHPUnit_10_1\Tests\Covered\FunctionsTest" classname="Infection.E2ETests.PHPUnit_10_1.Tests.Covered.FunctionsTest" assertions="1" time="0.000812"/>
        <testcase name="test_format_name_with_no_names" file="/path/to/infection/tests/e2e/PHPUnit_10-1/tests/Covered/FunctionsTest.php" line="28" class="Infection\E2ETests\PHPUnit_10_1\Tests\Covered\FunctionsTest" classname="Infection.E2ETests.PHPUnit_10_1.Tests.Covered.FunctionsTest" assertions="1" time="0.000805"/>
      </testsuite>
      <testsuite name="Infection\E2ETests\PHPUnit_10_1\Tests\Covered\UserServiceTest" file="/path/to/infection/tests/e2e/PHPUnit_10-1/tests/Covered/UserServiceTest.php" tests="11" assertions="36" errors="0" failures="0" skipped="0" time="0.018548">
        <testcase name="test_add_user_successfully" file="/path/to/infection/tests/e2e/PHPUnit_10-1/tests/Covered/UserServiceTest.php" line="22" class="Infection\E2ETests\PHPUnit_10_1\Tests\Covered\UserServiceTest" classname="Infection.E2ETests.PHPUnit_10_1.Tests.Covered.UserServiceTest" assertions="3" time="0.007005"/>
        <testcase name="test_add_user_with_empty_name_fails" file="/path/to/infection/tests/e2e/PHPUnit_10-1/tests/Covered/UserServiceTest.php" line="31" class="Infection\E2ETests\PHPUnit_10_1\Tests\Covered\UserServiceTest" classname="Infection.E2ETests.PHPUnit_10_1.Tests.Covered.UserServiceTest" assertions="4" time="0.001336"/>
        <testcase name="test_add_user_with_empty_email_fails" file="/path/to/infection/tests/e2e/PHPUnit_10-1/tests/Covered/UserServiceTest.php" line="43" class="Infection\E2ETests\PHPUnit_10_1\Tests\Covered\UserServiceTest" classname="Infection.E2ETests.PHPUnit_10_1.Tests.Covered.UserServiceTest" assertions="4" time="0.001162"/>
        <testcase name="test_add_duplicate_user_fails" file="/path/to/infection/tests/e2e/PHPUnit_10-1/tests/Covered/UserServiceTest.php" line="55" class="Infection\E2ETests\PHPUnit_10_1\Tests\Covered\UserServiceTest" classname="Infection.E2ETests.PHPUnit_10_1.Tests.Covered.UserServiceTest" assertions="4" time="0.001149"/>
        <testcase name="test_remove_user_successfully" file="/path/to/infection/tests/e2e/PHPUnit_10-1/tests/Covered/UserServiceTest.php" line="70" class="Infection\E2ETests\PHPUnit_10_1\Tests\Covered\UserServiceTest" classname="Infection.E2ETests.PHPUnit_10_1.Tests.Covered.UserServiceTest" assertions="4" time="0.001115"/>
        <testcase name="test_remove_non_existent_user_fails" file="/path/to/infection/tests/e2e/PHPUnit_10-1/tests/Covered/UserServiceTest.php" line="85" class="Infection\E2ETests\PHPUnit_10_1\Tests\Covered\UserServiceTest" classname="Infection.E2ETests.PHPUnit_10_1.Tests.Covered.UserServiceTest" assertions="3" time="0.001038"/>
        <testcase name="test_get_user_returns_user_data" file="/path/to/infection/tests/e2e/PHPUnit_10-1/tests/Covered/UserServiceTest.php" line="96" class="Infection\E2ETests\PHPUnit_10_1\Tests\Covered\UserServiceTest" classname="Infection.E2ETests.PHPUnit_10_1.Tests.Covered.UserServiceTest" assertions="3" time="0.001137"/>
        <testcase name="test_get_user_returns_null_for_non_existent_user" file="/path/to/infection/tests/e2e/PHPUnit_10-1/tests/Covered/UserServiceTest.php" line="106" class="Infection\E2ETests\PHPUnit_10_1\Tests\Covered\UserServiceTest" classname="Infection.E2ETests.PHPUnit_10_1.Tests.Covered.UserServiceTest" assertions="1" time="0.000963"/>
        <testcase name="test_user_exists" file="/path/to/infection/tests/e2e/PHPUnit_10-1/tests/Covered/UserServiceTest.php" line="113" class="Infection\E2ETests\PHPUnit_10_1\Tests\Covered\UserServiceTest" classname="Infection.E2ETests.PHPUnit_10_1.Tests.Covered.UserServiceTest" assertions="2" time="0.000976"/>
        <testcase name="test_logger_trait_methods" file="/path/to/infection/tests/e2e/PHPUnit_10-1/tests/Covered/UserServiceTest.php" line="122" class="Infection\E2ETests\PHPUnit_10_1\Tests\Covered\UserServiceTest" classname="Infection.E2ETests.PHPUnit_10_1.Tests.Covered.UserServiceTest" assertions="6" time="0.001572"/>
        <testcase name="test_log_method_is_public" file="/path/to/infection/tests/e2e/PHPUnit_10-1/tests/Covered/UserServiceTest.php" line="138" class="Infection\E2ETests\PHPUnit_10_1\Tests\Covered\UserServiceTest" classname="Infection.E2ETests.PHPUnit_10_1.Tests.Covered.UserServiceTest" assertions="2" time="0.001095"/>
      </testsuite>
    </testsuite>
  </testsuite>
</testsuites>
