<?xml version="1.0" encoding="UTF-8"?>
<testsuites>
  <testsuite name="/path/to/infection/tests/e2e/PHPUnit_12-0/phpunit.xml" tests="23" assertions="63" errors="0" failures="0" skipped="0" time="0.028593">
    <testsuite name="Test Suite" tests="23" assertions="63" errors="0" failures="0" skipped="0" time="0.028593">
      <testsuite name="Infection\E2ETests\PHPUnit_12_0\Tests\Covered\CalculatorTest" file="/path/to/infection/tests/e2e/PHPUnit_12-0/tests/Covered/CalculatorTest.php" tests="8" assertions="23" errors="0" failures="0" skipped="0" time="0.013021">
        <testcase name="test_add" file="/path/to/infection/tests/e2e/PHPUnit_12-0/tests/Covered/CalculatorTest.php" line="19" class="Infection\E2ETests\PHPUnit_12_0\Tests\Covered\CalculatorTest" classname="Infection.E2ETests.PHPUnit_12_0.Tests.Covered.CalculatorTest" assertions="3" time="0.005712"/>
        <testcase name="test_subtract" file="/path/to/infection/tests/e2e/PHPUnit_12-0/tests/Covered/CalculatorTest.php" line="26" class="Infection\E2ETests\PHPUnit_12_0\Tests\Covered\CalculatorTest" classname="Infection.E2ETests.PHPUnit_12_0.Tests.Covered.CalculatorTest" assertions="3" time="0.001134"/>
        <testcase name="test_multiply" file="/path/to/infection/tests/e2e/PHPUnit_12-0/tests/Covered/CalculatorTest.php" line="33" class="Infection\E2ETests\PHPUnit_12_0\Tests\Covered\CalculatorTest" classname="Infection.E2ETests.PHPUnit_12_0.Tests.Covered.CalculatorTest" assertions="3" time="0.001031"/>
        <testcase name="test_divide" file="/path/to/infection/tests/e2e/PHPUnit_12-0/tests/Covered/CalculatorTest.php" line="40" class="Infection\E2ETests\PHPUnit_12_0\Tests\Covered\CalculatorTest" classname="Infection.E2ETests.PHPUnit_12_0.Tests.Covered.CalculatorTest" assertions="3" time="0.000998"/>
        <testcase name="test_divide_by_zero_throws_exception" file="/path/to/infection/tests/e2e/PHPUnit_12-0/tests/Covered/CalculatorTest.php" line="47" class="Infection\E2ETests\PHPUnit_12_0\Tests\Covered\CalculatorTest" classname="Infection.E2ETests.PHPUnit_12_0.Tests.Covered.CalculatorTest" assertions="2" time="0.001163"/>
        <testcase name="test_is_positive" file="/path/to/infection/tests/e2e/PHPUnit_12-0/tests/Covered/CalculatorTest.php" line="54" class="Infection\E2ETests\PHPUnit_12_0\Tests\Covered\CalculatorTest" classname="Infection.E2ETests.PHPUnit_12_0.Tests.Covered.CalculatorTest" assertions="3" time="0.000999"/>
        <testcase name="test_absolute" file="/path/to/infection/tests/e2e/PHPUnit_12-0/tests/Covered/CalculatorTest.php" line="61" class="Infection\E2ETests\PHPUnit_12_0\Tests\Covered\CalculatorTest" classname="Infection.E2ETests.PHPUnit_12_0.Tests.Covered.CalculatorTest" assertions="2" time="0.000916"/>
        <testcase name="test_absolute_zero" file="/path/to/infection/tests/e2e/PHPUnit_12-0/tests/Covered/CalculatorTest.php" line="67" class="Infection\E2ETests\PHPUnit_12_0\Tests\Covered\CalculatorTest" classname="Infection.E2ETests.PHPUnit_12_0.Tests.Covered.CalculatorTest" assertions="4" time="0.001068"/>
      </testsuite>
      <testsuite name="Infection\E2ETests\PHPUnit_12_0\Tests\Covered\FunctionsTest" file="/path/to/infection/tests/e2e/PHPUnit_12-0/tests/Covered/FunctionsTest.php" tests="4" assertions="4" errors="0" failures="0" skipped="0" time="0.003708">
        <testcase name="test_format_name_with_both_names" file="/path/to/infection/tests/e2e/PHPUnit_12-0/tests/Covered/FunctionsTest.php" line="13" class="Infection\E2ETests\PHPUnit_12_0\Tests\Covered\FunctionsTest" classname="Infection.E2ETests.PHPUnit_12_0.Tests.Covered.FunctionsTest" assertions="1" time="0.001049"/>
        <testcase name="test_format_name_with_first_name_only" file="/path/to/infection/tests/e2e/PHPUnit_12-0/tests/Covered/FunctionsTest.php" line="18" class="Infection\E2ETests\PHPUnit_12_0\Tests\Covered\FunctionsTest" classname="Infection.E2ETests.PHPUnit_12_0.Tests.Covered.FunctionsTest" assertions="1" time="0.000874"/>
        <testcase name="test_format_name_with_last_name_only" file="/path/to/infection/tests/e2e/PHPUnit_12-0/tests/Covered/FunctionsTest.php" line="23" class="Infection\E2ETests\PHPUnit_12_0\Tests\Covered\FunctionsTest" classname="Infection.E2ETests.PHPUnit_12_0.Tests.Covered.FunctionsTest" assertions="1" time="0.000936"/>
        <testcase name="test_format_name_with_no_names" file="/path/to/infection/tests/e2e/PHPUnit_12-0/tests/Covered/FunctionsTest.php" line="28" class="Infection\E2ETests\PHPUnit_12_0\Tests\Covered\FunctionsTest" classname="Infection.E2ETests.PHPUnit_12_0.Tests.Covered.FunctionsTest" assertions="1" time="0.000849"/>
      </testsuite>
      <testsuite name="Infection\E2ETests\PHPUnit_12_0\Tests\Covered\UserServiceTest" file="/path/to/infection/tests/e2e/PHPUnit_12-0/tests/Covered/UserServiceTest.php" tests="11" assertions="36" errors="0" failures="0" skipped="0" time="0.011864">
        <testcase name="test_add_user_successfully" file="/path/to/infection/tests/e2e/PHPUnit_12-0/tests/Covered/UserServiceTest.php" line="22" class="Infection\E2ETests\PHPUnit_12_0\Tests\Covered\UserServiceTest" classname="Infection.E2ETests.PHPUnit_12_0.Tests.Covered.UserServiceTest" assertions="3" time="0.001205"/>
        <testcase name="test_add_user_with_empty_name_fails" file="/path/to/infection/tests/e2e/PHPUnit_12-0/tests/Covered/UserServiceTest.php" line="31" class="Infection\E2ETests\PHPUnit_12_0\Tests\Covered\UserServiceTest" classname="Infection.E2ETests.PHPUnit_12_0.Tests.Covered.UserServiceTest" assertions="4" time="0.001151"/>
        <testcase name="test_add_user_with_empty_email_fails" file="/path/to/infection/tests/e2e/PHPUnit_12-0/tests/Covered/UserServiceTest.php" line="43" class="Infection\E2ETests\PHPUnit_12_0\Tests\Covered\UserServiceTest" classname="Infection.E2ETests.PHPUnit_12_0.Tests.Covered.UserServiceTest" assertions="4" time="0.001011"/>
        <testcase name="test_add_duplicate_user_fails" file="/path/to/infection/tests/e2e/PHPUnit_12-0/tests/Covered/UserServiceTest.php" line="55" class="Infection\E2ETests\PHPUnit_12_0\Tests\Covered\UserServiceTest" classname="Infection.E2ETests.PHPUnit_12_0.Tests.Covered.UserServiceTest" assertions="4" time="0.001007"/>
        <testcase name="test_remove_user_successfully" file="/path/to/infection/tests/e2e/PHPUnit_12-0/tests/Covered/UserServiceTest.php" line="70" class="Infection\E2ETests\PHPUnit_12_0\Tests\Covered\UserServiceTest" classname="Infection.E2ETests.PHPUnit_12_0.Tests.Covered.UserServiceTest" assertions="4" time="0.000987"/>
        <testcase name="test_remove_non_existent_user_fails" file="/path/to/infection/tests/e2e/PHPUnit_12-0/tests/Covered/UserServiceTest.php" line="85" class="Infection\E2ETests\PHPUnit_12_0\Tests\Covered\UserServiceTest" classname="Infection.E2ETests.PHPUnit_12_0.Tests.Covered.UserServiceTest" assertions="3" time="0.000982"/>
        <testcase name="test_get_user_returns_user_data" file="/path/to/infection/tests/e2e/PHPUnit_12-0/tests/Covered/UserServiceTest.php" line="96" class="Infection\E2ETests\PHPUnit_12_0\Tests\Covered\UserServiceTest" classname="Infection.E2ETests.PHPUnit_12_0.Tests.Covered.UserServiceTest" assertions="3" time="0.001241"/>
        <testcase name="test_get_user_returns_null_for_non_existent_user" file="/path/to/infection/tests/e2e/PHPUnit_12-0/tests/Covered/UserServiceTest.php" line="106" class="Infection\E2ETests\PHPUnit_12_0\Tests\Covered\UserServiceTest" classname="Infection.E2ETests.PHPUnit_12_0.Tests.Covered.UserServiceTest" assertions="1" time="0.001054"/>
        <testcase name="test_user_exists" file="/path/to/infection/tests/e2e/PHPUnit_12-0/tests/Covered/UserServiceTest.php" line="113" class="Infection\E2ETests\PHPUnit_12_0\Tests\Covered\UserServiceTest" classname="Infection.E2ETests.PHPUnit_12_0.Tests.Covered.UserServiceTest" assertions="2" time="0.000981"/>
        <testcase name="test_logger_trait_methods" file="/path/to/infection/tests/e2e/PHPUnit_12-0/tests/Covered/UserServiceTest.php" line="122" class="Infection\E2ETests\PHPUnit_12_0\Tests\Covered\UserServiceTest" classname="Infection.E2ETests.PHPUnit_12_0.Tests.Covered.UserServiceTest" assertions="6" time="0.001219"/>
        <testcase name="test_log_method_is_public" file="/path/to/infection/tests/e2e/PHPUnit_12-0/tests/Covered/UserServiceTest.php" line="138" class="Infection\E2ETests\PHPUnit_12_0\Tests\Covered\UserServiceTest" classname="Infection.E2ETests.PHPUnit_12_0.Tests.Covered.UserServiceTest" assertions="2" time="0.001025"/>
      </testsuite>
    </testsuite>
  </testsuite>
</testsuites>
