<?xml version="1.0" encoding="UTF-8"?>
<testsuites>
  <testsuite name="Test Suite" tests="1" assertions="1" errors="0" failures="0" skipped="0" time="0.090090">
    <testsuite name="PHPUnit_XSD_Validation\Test\SourceClassTest" file="/opt/infection/tests/Fixtures/e2e/PHPUnit_XSD_Validation/tests/SourceClassTest.php" tests="1" assertions="1" errors="0" failures="0" skipped="0" time="0.090090">
      <testcase name="test_hello" class="PHPUnit_XSD_Validation\Test\SourceClassTest" classname="PHPUnit_XSD_Validation.Test.SourceClassTest" file="/opt/infection/tests/Fixtures/e2e/PHPUnit_XSD_Validation/tests/SourceClassTest.php" line="10" assertions="1" time="0.090090"/>
    </testsuite>
  </testsuite>
</testsuites>
