<?xml version="1.0" encoding="UTF-8"?>
<testsuites>
  <testsuite name="Test Suite" tests="1" assertions="1" errors="0" failures="0" skipped="0" time="0.007885">
    <testsuite name="ConfigBoostrap\Test\SourceClassTest" file="/Users/tfidry/Project/Humbug/infection/tests/Fixtures/e2e/Config_Bootstrap/tests/SourceClassTest.php" tests="1" assertions="1" errors="0" failures="0" skipped="0" time="0.007885">
      <testcase name="test_hello" class="ConfigBoostrap\Test\SourceClassTest" classname="ConfigBoostrap.Test.SourceClassTest" file="/Users/tfidry/Project/Humbug/infection/tests/Fixtures/e2e/Config_Bootstrap/tests/SourceClassTest.php" line="10" assertions="1" time="0.007885"/>
    </testsuite>
  </testsuite>
</testsuites>
