<?xml version="1.0" encoding="UTF-8"?>
<testsuites>
  <testsuite name="Codeception_With_Suite_Overridings.acceptance" tests="14" assertions="16" errors="0" failures="0" skipped="0" time="0.013694">
    <testcase name="Calculator: Adding two numbers" file="/path/to/codeception-adapter/tests/e2e/Codeception_With_Suite_Overridings/tests/acceptance/calculator.feature" time="0.003794" assertions="1"/>
    <testcase name="Calculator: Subtracting two numbers" file="/path/to/codeception-adapter/tests/e2e/Codeception_With_Suite_Overridings/tests/acceptance/calculator.feature" time="0.000565" assertions="1"/>
    <testcase name="Calculator: Multiplying two numbers" file="/path/to/codeception-adapter/tests/e2e/Codeception_With_Suite_Overridings/tests/acceptance/calculator.feature" time="0.000495" assertions="1"/>
    <testcase name="Calculator: Dividing two numbers" file="/path/to/codeception-adapter/tests/e2e/Codeception_With_Suite_Overridings/tests/acceptance/calculator.feature" time="0.002283" assertions="1"/>
    <testcase name="Calculator: Division by zero throws error" file="/path/to/codeception-adapter/tests/e2e/Codeception_With_Suite_Overridings/tests/acceptance/calculator.feature" time="0.001565" assertions="3"/>
    <testcase name="Calculator: Checking if numbers are positive | 5, true" file="/path/to/codeception-adapter/tests/e2e/Codeception_With_Suite_Overridings/tests/acceptance/calculator.feature" time="0.000733" assertions="1"/>
    <testcase name="Calculator: Checking if numbers are positive | 0, true" file="/path/to/codeception-adapter/tests/e2e/Codeception_With_Suite_Overridings/tests/acceptance/calculator.feature" time="0.000500" assertions="1"/>
    <testcase name="Calculator: Checking if numbers are positive | -5, false" file="/path/to/codeception-adapter/tests/e2e/Codeception_With_Suite_Overridings/tests/acceptance/calculator.feature" time="0.000770" assertions="1"/>
    <testcase name="Calculator: Computing absolute value with label &quot;&lt;label&gt;&quot; | 42, 5, 5" file="/path/to/codeception-adapter/tests/e2e/Codeception_With_Suite_Overridings/tests/acceptance/calculator.feature" time="0.000511" assertions="1"/>
    <testcase name="Calculator: Computing absolute value with label &quot;&lt;label&gt;&quot; | positive number, 10, 10" file="/path/to/codeception-adapter/tests/e2e/Codeception_With_Suite_Overridings/tests/acceptance/calculator.feature" time="0.000505" assertions="1"/>
    <testcase name="Calculator: Computing absolute value with label &quot;&lt;label&gt;&quot; | negative number, -7, 7" file="/path/to/codeception-adapter/tests/e2e/Codeception_With_Suite_Overridings/tests/acceptance/calculator.feature" time="0.000490" assertions="1"/>
    <testcase name="Calculator: Computing absolute value with label &quot;&lt;label&gt;&quot; | zero, 0, 0" file="/path/to/codeception-adapter/tests/e2e/Codeception_With_Suite_Overridings/tests/acceptance/calculator.feature" time="0.000496" assertions="1"/>
    <testcase name="Calculator: Computing absolute value with label &quot;&lt;label&gt;&quot; | with special chars ('&quot;#::&amp;), -15, 15" file="/path/to/codeception-adapter/tests/e2e/Codeception_With_Suite_Overridings/tests/acceptance/calculator.feature" time="0.000494" assertions="1"/>
    <testcase name="Calculator: Computing absolute value with label &quot;&lt;label&gt;&quot; | another &quot;quoted&quot; value, -1, 1" file="/path/to/codeception-adapter/tests/e2e/Codeception_With_Suite_Overridings/tests/acceptance/calculator.feature" time="0.000493" assertions="1"/>
  </testsuite>
  <testsuite name="Codeception_With_Suite_Overridings.functional" tests="23" assertions="41" errors="0" failures="0" skipped="0" time="0.008832">
    <testcase name="testAddition" class="Codeception_With_Suite_Overridings\Tests\functional\CalculatorCest" file="/path/to/codeception-adapter/tests/e2e/Codeception_With_Suite_Overridings/tests/functional/CalculatorCest.php" time="0.001363" assertions="1"/>
    <testcase name="testAddition" class="Codeception_With_Suite_Overridings\Tests\functional\CalculatorCest" file="/path/to/codeception-adapter/tests/e2e/Codeception_With_Suite_Overridings/tests/functional/CalculatorCest.php" time="0.000294" assertions="1"/>
    <testcase name="testAddition" class="Codeception_With_Suite_Overridings\Tests\functional\CalculatorCest" file="/path/to/codeception-adapter/tests/e2e/Codeception_With_Suite_Overridings/tests/functional/CalculatorCest.php" time="0.000263" assertions="1"/>
    <testcase name="testAddition" class="Codeception_With_Suite_Overridings\Tests\functional\CalculatorCest" file="/path/to/codeception-adapter/tests/e2e/Codeception_With_Suite_Overridings/tests/functional/CalculatorCest.php" time="0.000252" assertions="1"/>
    <testcase name="testSubtraction" class="Codeception_With_Suite_Overridings\Tests\functional\CalculatorCest" file="/path/to/codeception-adapter/tests/e2e/Codeception_With_Suite_Overridings/tests/functional/CalculatorCest.php" time="0.000270" assertions="1"/>
    <testcase name="testSubtraction" class="Codeception_With_Suite_Overridings\Tests\functional\CalculatorCest" file="/path/to/codeception-adapter/tests/e2e/Codeception_With_Suite_Overridings/tests/functional/CalculatorCest.php" time="0.000274" assertions="1"/>
    <testcase name="testSubtraction" class="Codeception_With_Suite_Overridings\Tests\functional\CalculatorCest" file="/path/to/codeception-adapter/tests/e2e/Codeception_With_Suite_Overridings/tests/functional/CalculatorCest.php" time="0.000265" assertions="1"/>
    <testcase name="testSubtraction" class="Codeception_With_Suite_Overridings\Tests\functional\CalculatorCest" file="/path/to/codeception-adapter/tests/e2e/Codeception_With_Suite_Overridings/tests/functional/CalculatorCest.php" time="0.000274" assertions="1"/>
    <testcase name="testMultiplication" class="Codeception_With_Suite_Overridings\Tests\functional\CalculatorCest" file="/path/to/codeception-adapter/tests/e2e/Codeception_With_Suite_Overridings/tests/functional/CalculatorCest.php" time="0.000400" assertions="4"/>
    <testcase name="testDivision" class="Codeception_With_Suite_Overridings\Tests\functional\CalculatorCest" file="/path/to/codeception-adapter/tests/e2e/Codeception_With_Suite_Overridings/tests/functional/CalculatorCest.php" time="0.000373" assertions="3"/>
    <testcase name="testDivisionByZeroThrowsException" class="Codeception_With_Suite_Overridings\Tests\functional\CalculatorCest" file="/path/to/codeception-adapter/tests/e2e/Codeception_With_Suite_Overridings/tests/functional/CalculatorCest.php" time="0.000296" assertions="1"/>
    <testcase name="testIsPositive" class="Codeception_With_Suite_Overridings\Tests\functional\CalculatorCest" file="/path/to/codeception-adapter/tests/e2e/Codeception_With_Suite_Overridings/tests/functional/CalculatorCest.php" time="0.000371" assertions="3"/>
    <testcase name="testAbsolute" class="Codeception_With_Suite_Overridings\Tests\functional\CalculatorCest" file="/path/to/codeception-adapter/tests/e2e/Codeception_With_Suite_Overridings/tests/functional/CalculatorCest.php" time="0.000365" assertions="3"/>
    <testcase name="testAddUser" class="Codeception_With_Suite_Overridings\Tests\functional\UserServiceCest" file="/path/to/codeception-adapter/tests/e2e/Codeception_With_Suite_Overridings/tests/functional/UserServiceCest.php" time="0.000577" assertions="3"/>
    <testcase name="testAddUserWithEmptyNameFails" class="Codeception_With_Suite_Overridings\Tests\functional\UserServiceCest" file="/path/to/codeception-adapter/tests/e2e/Codeception_With_Suite_Overridings/tests/functional/UserServiceCest.php" time="0.000308" assertions="2"/>
    <testcase name="testAddUserWithEmptyEmailFails" class="Codeception_With_Suite_Overridings\Tests\functional\UserServiceCest" file="/path/to/codeception-adapter/tests/e2e/Codeception_With_Suite_Overridings/tests/functional/UserServiceCest.php" time="0.000311" assertions="2"/>
    <testcase name="testAddDuplicateUserFails" class="Codeception_With_Suite_Overridings\Tests\functional\UserServiceCest" file="/path/to/codeception-adapter/tests/e2e/Codeception_With_Suite_Overridings/tests/functional/UserServiceCest.php" time="0.000320" assertions="2"/>
    <testcase name="testRemoveUser" class="Codeception_With_Suite_Overridings\Tests\functional\UserServiceCest" file="/path/to/codeception-adapter/tests/e2e/Codeception_With_Suite_Overridings/tests/functional/UserServiceCest.php" time="0.000310" assertions="2"/>
    <testcase name="testRemoveNonExistentUserFails" class="Codeception_With_Suite_Overridings\Tests\functional\UserServiceCest" file="/path/to/codeception-adapter/tests/e2e/Codeception_With_Suite_Overridings/tests/functional/UserServiceCest.php" time="0.000250" assertions="1"/>
    <testcase name="testGetUser" class="Codeception_With_Suite_Overridings\Tests\functional\UserServiceCest" file="/path/to/codeception-adapter/tests/e2e/Codeception_With_Suite_Overridings/tests/functional/UserServiceCest.php" time="0.000871" assertions="3"/>
    <testcase name="testGetNonExistentUserReturnsNull" class="Codeception_With_Suite_Overridings\Tests\functional\UserServiceCest" file="/path/to/codeception-adapter/tests/e2e/Codeception_With_Suite_Overridings/tests/functional/UserServiceCest.php" time="0.000238" assertions="1"/>
    <testcase name="testUserExists" class="Codeception_With_Suite_Overridings\Tests\functional\UserServiceCest" file="/path/to/codeception-adapter/tests/e2e/Codeception_With_Suite_Overridings/tests/functional/UserServiceCest.php" time="0.000319" assertions="2"/>
    <testcase name="testClearLogs" class="Codeception_With_Suite_Overridings\Tests\functional\UserServiceCest" file="/path/to/codeception-adapter/tests/e2e/Codeception_With_Suite_Overridings/tests/functional/UserServiceCest.php" time="0.000269" assertions="1"/>
  </testsuite>
  <testsuite name="Codeception_With_Suite_Overridings.integration" tests="2" assertions="2" errors="0" failures="0" skipped="0" time="0.008110">
    <testcase name="testGetStuffWithoutLimit" class="Codeception_With_Suite_Overridings\DatabaseTest" file="/path/to/codeception-adapter/tests/e2e/Codeception_With_Suite_Overridings/tests/integration/DatabaseTest.php" time="0.006812" assertions="1"/>
    <testcase name="testGetStuffWithLimit" class="Codeception_With_Suite_Overridings\DatabaseTest" file="/path/to/codeception-adapter/tests/e2e/Codeception_With_Suite_Overridings/tests/integration/DatabaseTest.php" time="0.001298" assertions="1"/>
  </testsuite>
  <testsuite name="Codeception_With_Suite_Overridings.unit" tests="29" assertions="49" errors="0" failures="0" skipped="0" time="0.039222">
    <testcase name="testAddition with data set #0" class="Codeception_With_Suite_Overridings\Tests\unit\Covered\CalculatorTest" file="/path/to/codeception-adapter/tests/e2e/Codeception_With_Suite_Overridings/tests/unit/Covered/CalculatorTest.php" time="0.004677" assertions="1"/>
    <testcase name="testAddition with data set #1" class="Codeception_With_Suite_Overridings\Tests\unit\Covered\CalculatorTest" file="/path/to/codeception-adapter/tests/e2e/Codeception_With_Suite_Overridings/tests/unit/Covered/CalculatorTest.php" time="0.001454" assertions="1"/>
    <testcase name="testAddition with data set &quot;with a key&quot;" class="Codeception_With_Suite_Overridings\Tests\unit\Covered\CalculatorTest" file="/path/to/codeception-adapter/tests/e2e/Codeception_With_Suite_Overridings/tests/unit/Covered/CalculatorTest.php" time="0.001188" assertions="1"/>
    <testcase name="testAddition with data set &quot;with a key with ('&quot;#::&amp;|) special characters&quot;" class="Codeception_With_Suite_Overridings\Tests\unit\Covered\CalculatorTest" file="/path/to/codeception-adapter/tests/e2e/Codeception_With_Suite_Overridings/tests/unit/Covered/CalculatorTest.php" time="0.001261" assertions="1"/>
    <testcase name="testSubtraction with data set #0" class="Codeception_With_Suite_Overridings\Tests\unit\Covered\CalculatorTest" file="/path/to/codeception-adapter/tests/e2e/Codeception_With_Suite_Overridings/tests/unit/Covered/CalculatorTest.php" time="0.001153" assertions="1"/>
    <testcase name="testSubtraction with data set #1" class="Codeception_With_Suite_Overridings\Tests\unit\Covered\CalculatorTest" file="/path/to/codeception-adapter/tests/e2e/Codeception_With_Suite_Overridings/tests/unit/Covered/CalculatorTest.php" time="0.001154" assertions="1"/>
    <testcase name="testSubtraction with data set &quot;with a key&quot;" class="Codeception_With_Suite_Overridings\Tests\unit\Covered\CalculatorTest" file="/path/to/codeception-adapter/tests/e2e/Codeception_With_Suite_Overridings/tests/unit/Covered/CalculatorTest.php" time="0.001188" assertions="1"/>
    <testcase name="testSubtraction with data set &quot;with a key with ('&quot;#::&amp;|) special characters&quot;" class="Codeception_With_Suite_Overridings\Tests\unit\Covered\CalculatorTest" file="/path/to/codeception-adapter/tests/e2e/Codeception_With_Suite_Overridings/tests/unit/Covered/CalculatorTest.php" time="0.001287" assertions="1"/>
    <testcase name="testMultiplication" class="Codeception_With_Suite_Overridings\Tests\unit\Covered\CalculatorTest" file="/path/to/codeception-adapter/tests/e2e/Codeception_With_Suite_Overridings/tests/unit/Covered/CalculatorTest.php" time="0.001372" assertions="4"/>
    <testcase name="testDivision" class="Codeception_With_Suite_Overridings\Tests\unit\Covered\CalculatorTest" file="/path/to/codeception-adapter/tests/e2e/Codeception_With_Suite_Overridings/tests/unit/Covered/CalculatorTest.php" time="0.001243" assertions="3"/>
    <testcase name="testDivisionByZero" class="Codeception_With_Suite_Overridings\Tests\unit\Covered\CalculatorTest" file="/path/to/codeception-adapter/tests/e2e/Codeception_With_Suite_Overridings/tests/unit/Covered/CalculatorTest.php" time="0.001977" assertions="2"/>
    <testcase name="testIsPositive" class="Codeception_With_Suite_Overridings\Tests\unit\Covered\CalculatorTest" file="/path/to/codeception-adapter/tests/e2e/Codeception_With_Suite_Overridings/tests/unit/Covered/CalculatorTest.php" time="0.001064" assertions="3"/>
    <testcase name="testAbsolute" class="Codeception_With_Suite_Overridings\Tests\unit\Covered\CalculatorTest" file="/path/to/codeception-adapter/tests/e2e/Codeception_With_Suite_Overridings/tests/unit/Covered/CalculatorTest.php" time="0.000998" assertions="3"/>
    <testcase name="testFormatFullName" class="Codeception_With_Suite_Overridings\Tests\unit\Covered\FormatNameFunctionTest" file="/path/to/codeception-adapter/tests/e2e/Codeception_With_Suite_Overridings/tests/unit/Covered/FormatNameFunctionTest.php" time="0.002082" assertions="1"/>
    <testcase name="testFormatFirstNameOnly" class="Codeception_With_Suite_Overridings\Tests\unit\Covered\FormatNameFunctionTest" file="/path/to/codeception-adapter/tests/e2e/Codeception_With_Suite_Overridings/tests/unit/Covered/FormatNameFunctionTest.php" time="0.001059" assertions="1"/>
    <testcase name="testFormatLastNameOnly" class="Codeception_With_Suite_Overridings\Tests\unit\Covered\FormatNameFunctionTest" file="/path/to/codeception-adapter/tests/e2e/Codeception_With_Suite_Overridings/tests/unit/Covered/FormatNameFunctionTest.php" time="0.001068" assertions="1"/>
    <testcase name="testFormatEmptyNames" class="Codeception_With_Suite_Overridings\Tests\unit\Covered\FormatNameFunctionTest" file="/path/to/codeception-adapter/tests/e2e/Codeception_With_Suite_Overridings/tests/unit/Covered/FormatNameFunctionTest.php" time="0.001037" assertions="1"/>
    <testcase name="testFormatWithSpaces" class="Codeception_With_Suite_Overridings\Tests\unit\Covered\FormatNameFunctionTest" file="/path/to/codeception-adapter/tests/e2e/Codeception_With_Suite_Overridings/tests/unit/Covered/FormatNameFunctionTest.php" time="0.001022" assertions="1"/>
    <testcase name="testAddUser" class="Codeception_With_Suite_Overridings\Tests\unit\Covered\UserServiceTest" file="/path/to/codeception-adapter/tests/e2e/Codeception_With_Suite_Overridings/tests/unit/Covered/UserServiceTest.php" time="0.002154" assertions="3"/>
    <testcase name="testAddUserWithEmptyName" class="Codeception_With_Suite_Overridings\Tests\unit\Covered\UserServiceTest" file="/path/to/codeception-adapter/tests/e2e/Codeception_With_Suite_Overridings/tests/unit/Covered/UserServiceTest.php" time="0.001031" assertions="2"/>
    <testcase name="testAddUserWithEmptyEmail" class="Codeception_With_Suite_Overridings\Tests\unit\Covered\UserServiceTest" file="/path/to/codeception-adapter/tests/e2e/Codeception_With_Suite_Overridings/tests/unit/Covered/UserServiceTest.php" time="0.001045" assertions="2"/>
    <testcase name="testAddDuplicateUser" class="Codeception_With_Suite_Overridings\Tests\unit\Covered\UserServiceTest" file="/path/to/codeception-adapter/tests/e2e/Codeception_With_Suite_Overridings/tests/unit/Covered/UserServiceTest.php" time="0.001041" assertions="2"/>
    <testcase name="testRemoveUser" class="Codeception_With_Suite_Overridings\Tests\unit\Covered\UserServiceTest" file="/path/to/codeception-adapter/tests/e2e/Codeception_With_Suite_Overridings/tests/unit/Covered/UserServiceTest.php" time="0.000966" assertions="2"/>
    <testcase name="testRemoveNonExistentUser" class="Codeception_With_Suite_Overridings\Tests\unit\Covered\UserServiceTest" file="/path/to/codeception-adapter/tests/e2e/Codeception_With_Suite_Overridings/tests/unit/Covered/UserServiceTest.php" time="0.000987" assertions="1"/>
    <testcase name="testGetUser" class="Codeception_With_Suite_Overridings\Tests\unit\Covered\UserServiceTest" file="/path/to/codeception-adapter/tests/e2e/Codeception_With_Suite_Overridings/tests/unit/Covered/UserServiceTest.php" time="0.000979" assertions="3"/>
    <testcase name="testGetNonExistentUser" class="Codeception_With_Suite_Overridings\Tests\unit\Covered\UserServiceTest" file="/path/to/codeception-adapter/tests/e2e/Codeception_With_Suite_Overridings/tests/unit/Covered/UserServiceTest.php" time="0.001037" assertions="1"/>
    <testcase name="testUserExists" class="Codeception_With_Suite_Overridings\Tests\unit\Covered\UserServiceTest" file="/path/to/codeception-adapter/tests/e2e/Codeception_With_Suite_Overridings/tests/unit/Covered/UserServiceTest.php" time="0.001229" assertions="2"/>
    <testcase name="testGetLogs" class="Codeception_With_Suite_Overridings\Tests\unit\Covered\UserServiceTest" file="/path/to/codeception-adapter/tests/e2e/Codeception_With_Suite_Overridings/tests/unit/Covered/UserServiceTest.php" time="0.001404" assertions="2"/>
    <testcase name="testClearLogs" class="Codeception_With_Suite_Overridings\Tests\unit\Covered\UserServiceTest" file="/path/to/codeception-adapter/tests/e2e/Codeception_With_Suite_Overridings/tests/unit/Covered/UserServiceTest.php" time="0.001064" assertions="1"/>
  </testsuite>
</testsuites>
