<?xml version="1.0" encoding="UTF-8"?>
<testsuites>
  <testsuite name="Test Suite" tests="1" assertions="1" errors="0" failures="0" skipped="0" time="0.139713">
    <testsuite name="PSR_0_Autoloader\Test\SourceClassTest" file="/opt/infection/tests/Fixtures/e2e/PSR_0_Autoloader/tests/PSR_0_Autoloader/Tests/SourceClassTest.php" tests="1" assertions="1" errors="0" failures="0" skipped="0" time="0.139713">
      <testcase name="test_hello" class="PSR_0_Autoloader\Test\SourceClassTest" classname="PSR_0_Autoloader.Test.SourceClassTest" file="/opt/infection/tests/Fixtures/e2e/PSR_0_Autoloader/tests/PSR_0_Autoloader/Tests/SourceClassTest.php" line="10" assertions="1" time="0.139713"/>
    </testsuite>
  </testsuite>
</testsuites>
