<?xml version="1.0" encoding="UTF-8"?>
<testsuites>
  <testsuite name="PhpSpec Test Suite" tests="38" assertions="0" errors="0" failures="0" skipped="0" time="0.039621">
    <testsuite name="spec\Infection\PhpSpecAdapter\E2ETests\PhpSpec\Covered\CalculatorSpec" file="/path/to/phpspec-adapter/tests/e2e/PhpSpec/spec/Covered/CalculatorSpec.php" tests="22" assertions="0" errors="0" failures="0" skipped="0" time="0.018012">
      <testcase name="it_is_initializable" file="/path/to/phpspec-adapter/tests/e2e/PhpSpec/spec/Covered/CalculatorSpec.php" class="spec\Infection\PhpSpecAdapter\E2ETests\PhpSpec\Covered\CalculatorSpec" classname="spec.Infection.PhpSpecAdapter.E2ETests.PhpSpec.Covered.CalculatorSpec" assertions="0" time="0.000719"/>
      <testcase name="it_adds_two_positive_numbers" file="/path/to/phpspec-adapter/tests/e2e/PhpSpec/spec/Covered/CalculatorSpec.php" class="spec\Infection\PhpSpecAdapter\E2ETests\PhpSpec\Covered\CalculatorSpec" classname="spec.Infection.PhpSpecAdapter.E2ETests.PhpSpec.Covered.CalculatorSpec" assertions="0" time="0.000854"/>
      <testcase name="it_adds_negative_and_positive_numbers" file="/path/to/phpspec-adapter/tests/e2e/PhpSpec/spec/Covered/CalculatorSpec.php" class="spec\Infection\PhpSpecAdapter\E2ETests\PhpSpec\Covered\CalculatorSpec" classname="spec.Infection.PhpSpecAdapter.E2ETests.PhpSpec.Covered.CalculatorSpec" assertions="0" time="0.000721"/>
      <testcase name="it_adds_two_negative_numbers" file="/path/to/phpspec-adapter/tests/e2e/PhpSpec/spec/Covered/CalculatorSpec.php" class="spec\Infection\PhpSpecAdapter\E2ETests\PhpSpec\Covered\CalculatorSpec" classname="spec.Infection.PhpSpecAdapter.E2ETests.PhpSpec.Covered.CalculatorSpec" assertions="0" time="0.000698"/>
      <testcase name="it_subtracts_two_numbers" file="/path/to/phpspec-adapter/tests/e2e/PhpSpec/spec/Covered/CalculatorSpec.php" class="spec\Infection\PhpSpecAdapter\E2ETests\PhpSpec\Covered\CalculatorSpec" classname="spec.Infection.PhpSpecAdapter.E2ETests.PhpSpec.Covered.CalculatorSpec" assertions="0" time="0.000712"/>
      <testcase name="it_subtracts_with_negative_result" file="/path/to/phpspec-adapter/tests/e2e/PhpSpec/spec/Covered/CalculatorSpec.php" class="spec\Infection\PhpSpecAdapter\E2ETests\PhpSpec\Covered\CalculatorSpec" classname="spec.Infection.PhpSpecAdapter.E2ETests.PhpSpec.Covered.CalculatorSpec" assertions="0" time="0.000703"/>
      <testcase name="it_subtracts_equal_numbers" file="/path/to/phpspec-adapter/tests/e2e/PhpSpec/spec/Covered/CalculatorSpec.php" class="spec\Infection\PhpSpecAdapter\E2ETests\PhpSpec\Covered\CalculatorSpec" classname="spec.Infection.PhpSpecAdapter.E2ETests.PhpSpec.Covered.CalculatorSpec" assertions="0" time="0.000695"/>
      <testcase name="it_multiplies_two_positive_numbers" file="/path/to/phpspec-adapter/tests/e2e/PhpSpec/spec/Covered/CalculatorSpec.php" class="spec\Infection\PhpSpecAdapter\E2ETests\PhpSpec\Covered\CalculatorSpec" classname="spec.Infection.PhpSpecAdapter.E2ETests.PhpSpec.Covered.CalculatorSpec" assertions="0" time="0.000689"/>
      <testcase name="it_multiplies_negative_and_positive_numbers" file="/path/to/phpspec-adapter/tests/e2e/PhpSpec/spec/Covered/CalculatorSpec.php" class="spec\Infection\PhpSpecAdapter\E2ETests\PhpSpec\Covered\CalculatorSpec" classname="spec.Infection.PhpSpecAdapter.E2ETests.PhpSpec.Covered.CalculatorSpec" assertions="0" time="0.000701"/>
      <testcase name="it_multiplies_by_zero" file="/path/to/phpspec-adapter/tests/e2e/PhpSpec/spec/Covered/CalculatorSpec.php" class="spec\Infection\PhpSpecAdapter\E2ETests\PhpSpec\Covered\CalculatorSpec" classname="spec.Infection.PhpSpecAdapter.E2ETests.PhpSpec.Covered.CalculatorSpec" assertions="0" time="0.000687"/>
      <testcase name="it_divides_two_numbers" file="/path/to/phpspec-adapter/tests/e2e/PhpSpec/spec/Covered/CalculatorSpec.php" class="spec\Infection\PhpSpecAdapter\E2ETests\PhpSpec\Covered\CalculatorSpec" classname="spec.Infection.PhpSpecAdapter.E2ETests.PhpSpec.Covered.CalculatorSpec" assertions="0" time="0.000734"/>
      <testcase name="it_divides_negative_and_positive_numbers" file="/path/to/phpspec-adapter/tests/e2e/PhpSpec/spec/Covered/CalculatorSpec.php" class="spec\Infection\PhpSpecAdapter\E2ETests\PhpSpec\Covered\CalculatorSpec" classname="spec.Infection.PhpSpecAdapter.E2ETests.PhpSpec.Covered.CalculatorSpec" assertions="0" time="0.000712"/>
      <testcase name="it_divides_equal_numbers" file="/path/to/phpspec-adapter/tests/e2e/PhpSpec/spec/Covered/CalculatorSpec.php" class="spec\Infection\PhpSpecAdapter\E2ETests\PhpSpec\Covered\CalculatorSpec" classname="spec.Infection.PhpSpecAdapter.E2ETests.PhpSpec.Covered.CalculatorSpec" assertions="0" time="0.000698"/>
      <testcase name="it_throws_exception_when_dividing_by_zero" file="/path/to/phpspec-adapter/tests/e2e/PhpSpec/spec/Covered/CalculatorSpec.php" class="spec\Infection\PhpSpecAdapter\E2ETests\PhpSpec\Covered\CalculatorSpec" classname="spec.Infection.PhpSpecAdapter.E2ETests.PhpSpec.Covered.CalculatorSpec" assertions="0" time="0.001123"/>
      <testcase name="it_checks_if_positive_number_is_positive" file="/path/to/phpspec-adapter/tests/e2e/PhpSpec/spec/Covered/CalculatorSpec.php" class="spec\Infection\PhpSpecAdapter\E2ETests\PhpSpec\Covered\CalculatorSpec" classname="spec.Infection.PhpSpecAdapter.E2ETests.PhpSpec.Covered.CalculatorSpec" assertions="0" time="0.000687"/>
      <testcase name="it_checks_if_negative_number_is_not_positive" file="/path/to/phpspec-adapter/tests/e2e/PhpSpec/spec/Covered/CalculatorSpec.php" class="spec\Infection\PhpSpecAdapter\E2ETests\PhpSpec\Covered\CalculatorSpec" classname="spec.Infection.PhpSpecAdapter.E2ETests.PhpSpec.Covered.CalculatorSpec" assertions="0" time="0.000693"/>
      <testcase name="it_checks_if_zero_is_positive" file="/path/to/phpspec-adapter/tests/e2e/PhpSpec/spec/Covered/CalculatorSpec.php" class="spec\Infection\PhpSpecAdapter\E2ETests\PhpSpec\Covered\CalculatorSpec" classname="spec.Infection.PhpSpecAdapter.E2ETests.PhpSpec.Covered.CalculatorSpec" assertions="0" time="0.000684"/>
      <testcase name="it_returns_absolute_value_of_positive_number" file="/path/to/phpspec-adapter/tests/e2e/PhpSpec/spec/Covered/CalculatorSpec.php" class="spec\Infection\PhpSpecAdapter\E2ETests\PhpSpec\Covered\CalculatorSpec" classname="spec.Infection.PhpSpecAdapter.E2ETests.PhpSpec.Covered.CalculatorSpec" assertions="0" time="0.000701"/>
      <testcase name="it_returns_absolute_value_of_negative_number" file="/path/to/phpspec-adapter/tests/e2e/PhpSpec/spec/Covered/CalculatorSpec.php" class="spec\Infection\PhpSpecAdapter\E2ETests\PhpSpec\Covered\CalculatorSpec" classname="spec.Infection.PhpSpecAdapter.E2ETests.PhpSpec.Covered.CalculatorSpec" assertions="0" time="0.000712"/>
      <testcase name="it_returns_absolute_value_of_zero" file="/path/to/phpspec-adapter/tests/e2e/PhpSpec/spec/Covered/CalculatorSpec.php" class="spec\Infection\PhpSpecAdapter\E2ETests\PhpSpec\Covered\CalculatorSpec" classname="spec.Infection.PhpSpecAdapter.E2ETests.PhpSpec.Covered.CalculatorSpec" assertions="0" time="0.000689"/>
      <testcase name="it_handles_boundary_values_for_absolute" file="/path/to/phpspec-adapter/tests/e2e/PhpSpec/spec/Covered/CalculatorSpec.php" class="spec\Infection\PhpSpecAdapter\E2ETests\PhpSpec\Covered\CalculatorSpec" classname="spec.Infection.PhpSpecAdapter.E2ETests.PhpSpec.Covered.CalculatorSpec" assertions="0" time="0.000723"/>
      <testcase name="it_ensures_zero_is_not_negated_in_absolute" file="/path/to/phpspec-adapter/tests/e2e/PhpSpec/spec/Covered/CalculatorSpec.php" class="spec\Infection\PhpSpecAdapter\E2ETests\PhpSpec\Covered\CalculatorSpec" classname="spec.Infection.PhpSpecAdapter.E2ETests.PhpSpec.Covered.CalculatorSpec" assertions="0" time="0.000678"/>
    </testsuite>
    <testsuite name="spec\Infection\PhpSpecAdapter\E2ETests\PhpSpec\Covered\FormatNameFunctionSpec" file="/path/to/phpspec-adapter/tests/e2e/PhpSpec/spec/Covered/FormatNameFunctionSpec.php" tests="4" assertions="0" errors="0" failures="0" skipped="0" time="0.003012">
      <testcase name="it_formats_name_with_both_names" file="/path/to/phpspec-adapter/tests/e2e/PhpSpec/spec/Covered/FormatNameFunctionSpec.php" class="spec\Infection\PhpSpecAdapter\E2ETests\PhpSpec\Covered\FormatNameFunctionSpec" classname="spec.Infection.PhpSpecAdapter.E2ETests.PhpSpec.Covered.FormatNameFunctionSpec" assertions="0" time="0.000812"/>
      <testcase name="it_formats_name_with_first_name_only" file="/path/to/phpspec-adapter/tests/e2e/PhpSpec/spec/Covered/FormatNameFunctionSpec.php" class="spec\Infection\PhpSpecAdapter\E2ETests\PhpSpec\Covered\FormatNameFunctionSpec" classname="spec.Infection.PhpSpecAdapter.E2ETests.PhpSpec.Covered.FormatNameFunctionSpec" assertions="0" time="0.000723"/>
      <testcase name="it_formats_name_with_last_name_only" file="/path/to/phpspec-adapter/tests/e2e/PhpSpec/spec/Covered/FormatNameFunctionSpec.php" class="spec\Infection\PhpSpecAdapter\E2ETests\PhpSpec\Covered\FormatNameFunctionSpec" classname="spec.Infection.PhpSpecAdapter.E2ETests.PhpSpec.Covered.FormatNameFunctionSpec" assertions="0" time="0.000698"/>
      <testcase name="it_formats_name_with_no_names" file="/path/to/phpspec-adapter/tests/e2e/PhpSpec/spec/Covered/FormatNameFunctionSpec.php" class="spec\Infection\PhpSpecAdapter\E2ETests\PhpSpec\Covered\FormatNameFunctionSpec" classname="spec.Infection.PhpSpecAdapter.E2ETests.PhpSpec.Covered.FormatNameFunctionSpec" assertions="0" time="0.000779"/>
    </testsuite>
    <testsuite name="spec\Infection\PhpSpecAdapter\E2ETests\PhpSpec\Covered\UserServiceSpec" file="/path/to/phpspec-adapter/tests/e2e/PhpSpec/spec/Covered/UserServiceSpec.php" tests="12" assertions="0" errors="0" failures="0" skipped="0" time="0.009321">
      <testcase name="it_is_initializable" file="/path/to/phpspec-adapter/tests/e2e/PhpSpec/spec/Covered/UserServiceSpec.php" class="spec\Infection\PhpSpecAdapter\E2ETests\PhpSpec\Covered\UserServiceSpec" classname="spec.Infection.PhpSpecAdapter.E2ETests.PhpSpec.Covered.UserServiceSpec" assertions="0" time="0.000756"/>
      <testcase name="it_adds_user_successfully" file="/path/to/phpspec-adapter/tests/e2e/PhpSpec/spec/Covered/UserServiceSpec.php" class="spec\Infection\PhpSpecAdapter\E2ETests\PhpSpec\Covered\UserServiceSpec" classname="spec.Infection.PhpSpecAdapter.E2ETests.PhpSpec.Covered.UserServiceSpec" assertions="0" time="0.000823"/>
      <testcase name="it_fails_to_add_user_with_empty_name" file="/path/to/phpspec-adapter/tests/e2e/PhpSpec/spec/Covered/UserServiceSpec.php" class="spec\Infection\PhpSpecAdapter\E2ETests\PhpSpec\Covered\UserServiceSpec" classname="spec.Infection.PhpSpecAdapter.E2ETests.PhpSpec.Covered.UserServiceSpec" assertions="0" time="0.000734"/>
      <testcase name="it_fails_to_add_user_with_empty_email" file="/path/to/phpspec-adapter/tests/e2e/PhpSpec/spec/Covered/UserServiceSpec.php" class="spec\Infection\PhpSpecAdapter\E2ETests\PhpSpec\Covered\UserServiceSpec" classname="spec.Infection.PhpSpecAdapter.E2ETests.PhpSpec.Covered.UserServiceSpec" assertions="0" time="0.000712"/>
      <testcase name="it_fails_to_add_duplicate_user" file="/path/to/phpspec-adapter/tests/e2e/PhpSpec/spec/Covered/UserServiceSpec.php" class="spec\Infection\PhpSpecAdapter\E2ETests\PhpSpec\Covered\UserServiceSpec" classname="spec.Infection.PhpSpecAdapter.E2ETests.PhpSpec.Covered.UserServiceSpec" assertions="0" time="0.000845"/>
      <testcase name="it_removes_user_successfully" file="/path/to/phpspec-adapter/tests/e2e/PhpSpec/spec/Covered/UserServiceSpec.php" class="spec\Infection\PhpSpecAdapter\E2ETests\PhpSpec\Covered\UserServiceSpec" classname="spec.Infection.PhpSpecAdapter.E2ETests.PhpSpec.Covered.UserServiceSpec" assertions="0" time="0.000867"/>
      <testcase name="it_fails_to_remove_non_existent_user" file="/path/to/phpspec-adapter/tests/e2e/PhpSpec/spec/Covered/UserServiceSpec.php" class="spec\Infection\PhpSpecAdapter\E2ETests\PhpSpec\Covered\UserServiceSpec" classname="spec.Infection.PhpSpecAdapter.E2ETests.PhpSpec.Covered.UserServiceSpec" assertions="0" time="0.000756"/>
      <testcase name="it_returns_user_data" file="/path/to/phpspec-adapter/tests/e2e/PhpSpec/spec/Covered/UserServiceSpec.php" class="spec\Infection\PhpSpecAdapter\E2ETests\PhpSpec\Covered\UserServiceSpec" classname="spec.Infection.PhpSpecAdapter.E2ETests.PhpSpec.Covered.UserServiceSpec" assertions="0" time="0.000789"/>
      <testcase name="it_returns_null_for_non_existent_user" file="/path/to/phpspec-adapter/tests/e2e/PhpSpec/spec/Covered/UserServiceSpec.php" class="spec\Infection\PhpSpecAdapter\E2ETests\PhpSpec\Covered\UserServiceSpec" classname="spec.Infection.PhpSpecAdapter.E2ETests.PhpSpec.Covered.UserServiceSpec" assertions="0" time="0.000701"/>
      <testcase name="it_checks_if_user_exists" file="/path/to/phpspec-adapter/tests/e2e/PhpSpec/spec/Covered/UserServiceSpec.php" class="spec\Infection\PhpSpecAdapter\E2ETests\PhpSpec\Covered\UserServiceSpec" classname="spec.Infection.PhpSpecAdapter.E2ETests.PhpSpec.Covered.UserServiceSpec" assertions="0" time="0.000723"/>
      <testcase name="it_has_logger_trait_methods" file="/path/to/phpspec-adapter/tests/e2e/PhpSpec/spec/Covered/UserServiceSpec.php" class="spec\Infection\PhpSpecAdapter\E2ETests\PhpSpec\Covered\UserServiceSpec" classname="spec.Infection.PhpSpecAdapter.E2ETests.PhpSpec.Covered.UserServiceSpec" assertions="0" time="0.000812"/>
      <testcase name="it_has_public_log_method" file="/path/to/phpspec-adapter/tests/e2e/PhpSpec/spec/Covered/UserServiceSpec.php" class="spec\Infection\PhpSpecAdapter\E2ETests\PhpSpec\Covered\UserServiceSpec" classname="spec.Infection.PhpSpecAdapter.E2ETests.PhpSpec.Covered.UserServiceSpec" assertions="0" time="0.000803"/>
    </testsuite>
  </testsuite>
</testsuites>
