<?xml version="1.0" encoding="UTF-8"?>
<testsuites>
  <testsuite name="/path/to/test-project/phpunit.xml" tests="12" assertions="25" errors="0" failures="0" skipped="0" time="0.022199">
    <testsuite name="Demo Test Suite" tests="12" assertions="25" errors="0" failures="0" skipped="0" time="0.022199">
      <testsuite name="Infection\Tests\TestFramework\PhpUnit\PHPUnitCoverageTracer\Fixtures\tests\DemoCounterServiceTest" file="/path/to/test-project/tests/DemoCounterServiceTest.php" tests="12" assertions="25" errors="0" failures="0" skipped="0" time="0.022199">
        <testcase name="test_set_step_changes_increment_amount" file="/path/to/test-project/tests/DemoCounterServiceTest.php" line="101" class="Infection\Tests\TestFramework\PhpUnit\PHPUnitCoverageTracer\Fixtures\tests\DemoCounterServiceTest" classname="Infection.Tests.TestFramework.Tracing.Fixtures.tests.DemoCounterServiceTest" assertions="2" time="0.012435"/>
        <testcase name="test_custom_step_with_multiple_counts" file="/path/to/test-project/tests/DemoCounterServiceTest.php" line="119" class="Infection\Tests\TestFramework\PhpUnit\PHPUnitCoverageTracer\Fixtures\tests\DemoCounterServiceTest" classname="Infection.Tests.TestFramework.Tracing.Fixtures.tests.DemoCounterServiceTest" assertions="3" time="0.000999"/>
        <testcase name="test_start_count_sets_initial_value" file="/path/to/test-project/tests/DemoCounterServiceTest.php" line="77" class="Infection\Tests\TestFramework\PhpUnit\PHPUnitCoverageTracer\Fixtures\tests\DemoCounterServiceTest" classname="Infection.Tests.TestFramework.Tracing.Fixtures.tests.DemoCounterServiceTest" assertions="1" time="0.000950"/>
        <testcase name="test_count_increments_by_step_and_returns_new_value" file="/path/to/test-project/tests/DemoCounterServiceTest.php" line="57" class="Infection\Tests\TestFramework\PhpUnit\PHPUnitCoverageTracer\Fixtures\tests\DemoCounterServiceTest" classname="Infection.Tests.TestFramework.Tracing.Fixtures.tests.DemoCounterServiceTest" assertions="2" time="0.000908"/>
        <testcase name="test_initial_counter_is_zero" file="/path/to/test-project/tests/DemoCounterServiceTest.php" line="52" class="Infection\Tests\TestFramework\PhpUnit\PHPUnitCoverageTracer\Fixtures\tests\DemoCounterServiceTest" classname="Infection.Tests.TestFramework.Tracing.Fixtures.tests.DemoCounterServiceTest" assertions="1" time="0.000880"/>
        <testcase name="test_negative_step_decreases_counter" file="/path/to/test-project/tests/DemoCounterServiceTest.php" line="131" class="Infection\Tests\TestFramework\PhpUnit\PHPUnitCoverageTracer\Fixtures\tests\DemoCounterServiceTest" classname="Infection.Tests.TestFramework.Tracing.Fixtures.tests.DemoCounterServiceTest" assertions="2" time="0.000891"/>
        <testcase name="test_multiple_counts_increment_correctly" file="/path/to/test-project/tests/DemoCounterServiceTest.php" line="65" class="Infection\Tests\TestFramework\PhpUnit\PHPUnitCoverageTracer\Fixtures\tests\DemoCounterServiceTest" classname="Infection.Tests.TestFramework.Tracing.Fixtures.tests.DemoCounterServiceTest" assertions="4" time="0.000886"/>
        <testcase name="test_set_step_with_default_resets_to_one" file="/path/to/test-project/tests/DemoCounterServiceTest.php" line="110" class="Infection\Tests\TestFramework\PhpUnit\PHPUnitCoverageTracer\Fixtures\tests\DemoCounterServiceTest" classname="Infection.Tests.TestFramework.Tracing.Fixtures.tests.DemoCounterServiceTest" assertions="1" time="0.000847"/>
        <testcase name="test_complex_scenario" file="/path/to/test-project/tests/DemoCounterServiceTest.php" line="153" class="Infection\Tests\TestFramework\PhpUnit\PHPUnitCoverageTracer\Fixtures\tests\DemoCounterServiceTest" classname="Infection.Tests.TestFramework.Tracing.Fixtures.tests.DemoCounterServiceTest" assertions="4" time="0.000850"/>
        <testcase name="test_start_count_with_default_sets_to_zero" file="/path/to/test-project/tests/DemoCounterServiceTest.php" line="84" class="Infection\Tests\TestFramework\PhpUnit\PHPUnitCoverageTracer\Fixtures\tests\DemoCounterServiceTest" classname="Infection.Tests.TestFramework.Tracing.Fixtures.tests.DemoCounterServiceTest" assertions="1" time="0.000835"/>
        <testcase name="test_zero_step_keeps_counter_unchanged" file="/path/to/test-project/tests/DemoCounterServiceTest.php" line="142" class="Infection\Tests\TestFramework\PhpUnit\PHPUnitCoverageTracer\Fixtures\tests\DemoCounterServiceTest" classname="Infection.Tests.TestFramework.Tracing.Fixtures.tests.DemoCounterServiceTest" assertions="2" time="0.000885"/>
        <testcase name="test_start_count_affects_subsequent_counts" file="/path/to/test-project/tests/DemoCounterServiceTest.php" line="92" class="Infection\Tests\TestFramework\PhpUnit\PHPUnitCoverageTracer\Fixtures\tests\DemoCounterServiceTest" classname="Infection.Tests.TestFramework.Tracing.Fixtures.tests.DemoCounterServiceTest" assertions="2" time="0.000833"/>
      </testsuite>
    </testsuite>
  </testsuite>
</testsuites>
