<?xml version="1.0" encoding="UTF-8"?>
<testsuites>
  <testsuite name="Test Suite" tests="1" assertions="1" errors="0" failures="0" skipped="0" time="0.156578">
    <testsuite name="EmptyPass\Test\SourceClassTest" file="/opt/infection/tests/Fixtures/e2e/Empty_Path/tests/SourceClassTest.php" tests="1" assertions="1" errors="0" failures="0" skipped="0" time="0.156578">
      <testcase name="test_hello" class="EmptyPass\Test\SourceClassTest" classname="EmptyPass.Test.SourceClassTest" file="/opt/infection/tests/Fixtures/e2e/Empty_Path/tests/SourceClassTest.php" line="10" assertions="1" time="0.156578"/>
    </testsuite>
  </testsuite>
</testsuites>
