<?xml version="1.0" encoding="UTF-8"?>
<testsuites>
  <testsuite name="/path/to/infection/tests/e2e/PHPUnit_10-1/phpunit.xml" tests="29" assertions="65" errors="0" failures="0" skipped="0" time="0.042377">
    <testsuite name="Test Suite" tests="29" assertions="65" errors="0" failures="0" skipped="0" time="0.042377">
      <testsuite name="Infection\E2ETests\PHPUnit_10_1\Tests\Covered\CalculatorTest" file="/path/to/infection/tests/e2e/PHPUnit_10-1/tests/Covered/CalculatorTest.php" tests="14" assertions="25" errors="0" failures="0" skipped="0" time="0.026407">
        <testsuite name="Infection\E2ETests\PHPUnit_10_1\Tests\Covered\CalculatorTest::test_add" tests="4" assertions="4" errors="0" failures="0" skipped="0" time="0.016477">
          <testcase name="test_add with data set #0" file="/path/to/infection/tests/e2e/PHPUnit_10-1/tests/Covered/CalculatorTest.php" line="22" class="Infection\E2ETests\PHPUnit_10_1\Tests\Covered\CalculatorTest" classname="Infection.E2ETests.PHPUnit_10_1.Tests.Covered.CalculatorTest" assertions="1" time="0.013505"/>
          <testcase name="test_add with data set #1" file="/path/to/infection/tests/e2e/PHPUnit_10-1/tests/Covered/CalculatorTest.php" line="22" class="Infection\E2ETests\PHPUnit_10_1\Tests\Covered\CalculatorTest" classname="Infection.E2ETests.PHPUnit_10_1.Tests.Covered.CalculatorTest" assertions="1" time="0.001052"/>
          <testcase name="test_add with data set &quot;with a key&quot;" file="/path/to/infection/tests/e2e/PHPUnit_10-1/tests/Covered/CalculatorTest.php" line="22" class="Infection\E2ETests\PHPUnit_10_1\Tests\Covered\CalculatorTest" classname="Infection.E2ETests.PHPUnit_10_1.Tests.Covered.CalculatorTest" assertions="1" time="0.000998"/>
          <testcase name="test_add with data set &quot;with a key with ('&quot;#::&amp;) special characters&quot;" file="/path/to/infection/tests/e2e/PHPUnit_10-1/tests/Covered/CalculatorTest.php" line="22" class="Infection\E2ETests\PHPUnit_10_1\Tests\Covered\CalculatorTest" classname="Infection.E2ETests.PHPUnit_10_1.Tests.Covered.CalculatorTest" assertions="1" time="0.000923"/>
        </testsuite>
        <testsuite name="Infection\E2ETests\PHPUnit_10_1\Tests\Covered\CalculatorTest::test_subtract" tests="4" assertions="4" errors="0" failures="0" skipped="0" time="0.003736">
          <testcase name="test_subtract with data set #0" file="/path/to/infection/tests/e2e/PHPUnit_10-1/tests/Covered/CalculatorTest.php" line="28" class="Infection\E2ETests\PHPUnit_10_1\Tests\Covered\CalculatorTest" classname="Infection.E2ETests.PHPUnit_10_1.Tests.Covered.CalculatorTest" assertions="1" time="0.000933"/>
          <testcase name="test_subtract with data set #1" file="/path/to/infection/tests/e2e/PHPUnit_10-1/tests/Covered/CalculatorTest.php" line="28" class="Infection\E2ETests\PHPUnit_10_1\Tests\Covered\CalculatorTest" classname="Infection.E2ETests.PHPUnit_10_1.Tests.Covered.CalculatorTest" assertions="1" time="0.000910"/>
          <testcase name="test_subtract with data set &quot;with a key&quot;" file="/path/to/infection/tests/e2e/PHPUnit_10-1/tests/Covered/CalculatorTest.php" line="28" class="Infection\E2ETests\PHPUnit_10_1\Tests\Covered\CalculatorTest" classname="Infection.E2ETests.PHPUnit_10_1.Tests.Covered.CalculatorTest" assertions="1" time="0.000928"/>
          <testcase name="test_subtract with data set &quot;with a key with ('&quot;#::&amp;) special characters&quot;" file="/path/to/infection/tests/e2e/PHPUnit_10-1/tests/Covered/CalculatorTest.php" line="28" class="Infection\E2ETests\PHPUnit_10_1\Tests\Covered\CalculatorTest" classname="Infection.E2ETests.PHPUnit_10_1.Tests.Covered.CalculatorTest" assertions="1" time="0.000966"/>
        </testsuite>
        <testcase name="test_multiply" file="/path/to/infection/tests/e2e/PHPUnit_10-1/tests/Covered/CalculatorTest.php" line="41" class="Infection\E2ETests\PHPUnit_10_1\Tests\Covered\CalculatorTest" classname="Infection.E2ETests.PHPUnit_10_1.Tests.Covered.CalculatorTest" assertions="3" time="0.001002"/>
        <testcase name="test_divide" file="/path/to/infection/tests/e2e/PHPUnit_10-1/tests/Covered/CalculatorTest.php" line="48" class="Infection\E2ETests\PHPUnit_10_1\Tests\Covered\CalculatorTest" classname="Infection.E2ETests.PHPUnit_10_1.Tests.Covered.CalculatorTest" assertions="3" time="0.000993"/>
        <testcase name="test_divide_by_zero_throws_exception" file="/path/to/infection/tests/e2e/PHPUnit_10-1/tests/Covered/CalculatorTest.php" line="55" class="Infection\E2ETests\PHPUnit_10_1\Tests\Covered\CalculatorTest" classname="Infection.E2ETests.PHPUnit_10_1.Tests.Covered.CalculatorTest" assertions="2" time="0.001146"/>
        <testcase name="test_is_positive" file="/path/to/infection/tests/e2e/PHPUnit_10-1/tests/Covered/CalculatorTest.php" line="62" class="Infection\E2ETests\PHPUnit_10_1\Tests\Covered\CalculatorTest" classname="Infection.E2ETests.PHPUnit_10_1.Tests.Covered.CalculatorTest" assertions="3" time="0.001028"/>
        <testcase name="test_absolute" file="/path/to/infection/tests/e2e/PHPUnit_10-1/tests/Covered/CalculatorTest.php" line="69" class="Infection\E2ETests\PHPUnit_10_1\Tests\Covered\CalculatorTest" classname="Infection.E2ETests.PHPUnit_10_1.Tests.Covered.CalculatorTest" assertions="2" time="0.000935"/>
        <testcase name="test_absolute_zero" file="/path/to/infection/tests/e2e/PHPUnit_10-1/tests/Covered/CalculatorTest.php" line="75" class="Infection\E2ETests\PHPUnit_10_1\Tests\Covered\CalculatorTest" classname="Infection.E2ETests.PHPUnit_10_1.Tests.Covered.CalculatorTest" assertions="4" time="0.001090"/>
      </testsuite>
      <testsuite name="Infection\E2ETests\PHPUnit_10_1\Tests\Covered\FunctionsTest" file="/path/to/infection/tests/e2e/PHPUnit_10-1/tests/Covered/FunctionsTest.php" tests="4" assertions="4" errors="0" failures="0" skipped="0" time="0.003231">
        <testcase name="test_format_name_with_both_names" file="/path/to/infection/tests/e2e/PHPUnit_10-1/tests/Covered/FunctionsTest.php" line="13" class="Infection\E2ETests\PHPUnit_10_1\Tests\Covered\FunctionsTest" classname="Infection.E2ETests.PHPUnit_10_1.Tests.Covered.FunctionsTest" assertions="1" time="0.000883"/>
        <testcase name="test_format_name_with_first_name_only" file="/path/to/infection/tests/e2e/PHPUnit_10-1/tests/Covered/FunctionsTest.php" line="18" class="Infection\E2ETests\PHPUnit_10_1\Tests\Covered\FunctionsTest" classname="Infection.E2ETests.PHPUnit_10_1.Tests.Covered.FunctionsTest" assertions="1" time="0.000807"/>
        <testcase name="test_format_name_with_last_name_only" file="/path/to/infection/tests/e2e/PHPUnit_10-1/tests/Covered/FunctionsTest.php" line="23" class="Infection\E2ETests\PHPUnit_10_1\Tests\Covered\FunctionsTest" classname="Infection.E2ETests.PHPUnit_10_1.Tests.Covered.FunctionsTest" assertions="1" time="0.000782"/>
        <testcase name="test_format_name_with_no_names" file="/path/to/infection/tests/e2e/PHPUnit_10-1/tests/Covered/FunctionsTest.php" line="28" class="Infection\E2ETests\PHPUnit_10_1\Tests\Covered\FunctionsTest" classname="Infection.E2ETests.PHPUnit_10_1.Tests.Covered.FunctionsTest" assertions="1" time="0.000760"/>
      </testsuite>
      <testsuite name="Infection\E2ETests\PHPUnit_10_1\Tests\Covered\UserServiceTest" file="/path/to/infection/tests/e2e/PHPUnit_10-1/tests/Covered/UserServiceTest.php" tests="11" assertions="36" errors="0" failures="0" skipped="0" time="0.012739">
        <testcase name="test_add_user_successfully" file="/path/to/infection/tests/e2e/PHPUnit_10-1/tests/Covered/UserServiceTest.php" line="22" class="Infection\E2ETests\PHPUnit_10_1\Tests\Covered\UserServiceTest" classname="Infection.E2ETests.PHPUnit_10_1.Tests.Covered.UserServiceTest" assertions="3" time="0.001292"/>
        <testcase name="test_add_user_with_empty_name_fails" file="/path/to/infection/tests/e2e/PHPUnit_10-1/tests/Covered/UserServiceTest.php" line="31" class="Infection\E2ETests\PHPUnit_10_1\Tests\Covered\UserServiceTest" classname="Infection.E2ETests.PHPUnit_10_1.Tests.Covered.UserServiceTest" assertions="4" time="0.001156"/>
        <testcase name="test_add_user_with_empty_email_fails" file="/path/to/infection/tests/e2e/PHPUnit_10-1/tests/Covered/UserServiceTest.php" line="43" class="Infection\E2ETests\PHPUnit_10_1\Tests\Covered\UserServiceTest" classname="Infection.E2ETests.PHPUnit_10_1.Tests.Covered.UserServiceTest" assertions="4" time="0.001070"/>
        <testcase name="test_add_duplicate_user_fails" file="/path/to/infection/tests/e2e/PHPUnit_10-1/tests/Covered/UserServiceTest.php" line="55" class="Infection\E2ETests\PHPUnit_10_1\Tests\Covered\UserServiceTest" classname="Infection.E2ETests.PHPUnit_10_1.Tests.Covered.UserServiceTest" assertions="4" time="0.001111"/>
        <testcase name="test_remove_user_successfully" file="/path/to/infection/tests/e2e/PHPUnit_10-1/tests/Covered/UserServiceTest.php" line="70" class="Infection\E2ETests\PHPUnit_10_1\Tests\Covered\UserServiceTest" classname="Infection.E2ETests.PHPUnit_10_1.Tests.Covered.UserServiceTest" assertions="4" time="0.001090"/>
        <testcase name="test_remove_non_existent_user_fails" file="/path/to/infection/tests/e2e/PHPUnit_10-1/tests/Covered/UserServiceTest.php" line="85" class="Infection\E2ETests\PHPUnit_10_1\Tests\Covered\UserServiceTest" classname="Infection.E2ETests.PHPUnit_10_1.Tests.Covered.UserServiceTest" assertions="3" time="0.001018"/>
        <testcase name="test_get_user_returns_user_data" file="/path/to/infection/tests/e2e/PHPUnit_10-1/tests/Covered/UserServiceTest.php" line="96" class="Infection\E2ETests\PHPUnit_10_1\Tests\Covered\UserServiceTest" classname="Infection.E2ETests.PHPUnit_10_1.Tests.Covered.UserServiceTest" assertions="3" time="0.001107"/>
        <testcase name="test_get_user_returns_null_for_non_existent_user" file="/path/to/infection/tests/e2e/PHPUnit_10-1/tests/Covered/UserServiceTest.php" line="106" class="Infection\E2ETests\PHPUnit_10_1\Tests\Covered\UserServiceTest" classname="Infection.E2ETests.PHPUnit_10_1.Tests.Covered.UserServiceTest" assertions="1" time="0.000922"/>
        <testcase name="test_user_exists" file="/path/to/infection/tests/e2e/PHPUnit_10-1/tests/Covered/UserServiceTest.php" line="113" class="Infection\E2ETests\PHPUnit_10_1\Tests\Covered\UserServiceTest" classname="Infection.E2ETests.PHPUnit_10_1.Tests.Covered.UserServiceTest" assertions="2" time="0.000973"/>
        <testcase name="test_logger_trait_methods" file="/path/to/infection/tests/e2e/PHPUnit_10-1/tests/Covered/UserServiceTest.php" line="122" class="Infection\E2ETests\PHPUnit_10_1\Tests\Covered\UserServiceTest" classname="Infection.E2ETests.PHPUnit_10_1.Tests.Covered.UserServiceTest" assertions="6" time="0.001825"/>
        <testcase name="test_log_method_is_public" file="/path/to/infection/tests/e2e/PHPUnit_10-1/tests/Covered/UserServiceTest.php" line="138" class="Infection\E2ETests\PHPUnit_10_1\Tests\Covered\UserServiceTest" classname="Infection.E2ETests.PHPUnit_10_1.Tests.Covered.UserServiceTest" assertions="2" time="0.001173"/>
      </testsuite>
    </testsuite>
  </testsuite>
</testsuites>
