<?xml version="1.0" encoding="UTF-8"?>
<testsuites>
  <testsuite name="Test Suite" tests="3" assertions="3" errors="0" failures="0" skipped="0" time="0.014009">
    <testsuite name="CodeCoverageIgnore\Test\IgnoreMethodTest" file="/Users/tfidry/Project/Humbug/infection/tests/Fixtures/e2e/Code_Coverage_Ignore/tests/IgnoreMethodTest.php" tests="2" assertions="2" errors="0" failures="0" skipped="0" time="0.008747">
      <testcase name="test_get_three" class="CodeCoverageIgnore\Test\IgnoreMethodTest" classname="CodeCoverageIgnore.Test.IgnoreMethodTest" file="/Users/tfidry/Project/Humbug/infection/tests/Fixtures/e2e/Code_Coverage_Ignore/tests/IgnoreMethodTest.php" line="12" assertions="1" time="0.006988"/>
      <testcase name="test_foo" class="CodeCoverageIgnore\Test\IgnoreMethodTest" classname="CodeCoverageIgnore.Test.IgnoreMethodTest" file="/Users/tfidry/Project/Humbug/infection/tests/Fixtures/e2e/Code_Coverage_Ignore/tests/IgnoreMethodTest.php" line="18" assertions="1" time="0.001759"/>
    </testsuite>
    <testsuite name="CodeCoverageIgnore\Test\IgnoreClassTest" file="/Users/tfidry/Project/Humbug/infection/tests/Fixtures/e2e/Code_Coverage_Ignore/tests/SourceClassTest.php" tests="1" assertions="1" errors="0" failures="0" skipped="0" time="0.005262">
      <testcase name="test_hello" class="CodeCoverageIgnore\Test\IgnoreClassTest" classname="CodeCoverageIgnore.Test.IgnoreClassTest" file="/Users/tfidry/Project/Humbug/infection/tests/Fixtures/e2e/Code_Coverage_Ignore/tests/SourceClassTest.php" line="10" assertions="1" time="0.005262"/>
    </testsuite>
  </testsuite>
</testsuites>
