<?xml version="1.0" encoding="UTF-8"?>
<testsuites>
  <testsuite name="/Users/tfidry/Project/Humbug/infection/tests/phpunit/TestFramework/Tracing/Fixtures/phpunit.xml" tests="12" assertions="25" errors="0" failures="0" skipped="0" time="0.036343">
    <testsuite name="Demo Test Suite" tests="12" assertions="25" errors="0" failures="0" skipped="0" time="0.036343">
      <testsuite name="Infection\Tests\TestFramework\Tracing\Fixtures\DemoCounterServiceTest" file="/Users/tfidry/Project/Humbug/infection/tests/phpunit/TestFramework/Tracing/Fixtures/DemoCounterServiceTest.php" tests="12" assertions="25" errors="0" failures="0" skipped="0" time="0.036343">
        <testcase name="test_set_step_with_default_resets_to_one" file="/Users/tfidry/Project/Humbug/infection/tests/phpunit/TestFramework/Tracing/Fixtures/DemoCounterServiceTest.php" line="78" class="Infection\Tests\TestFramework\Tracing\Fixtures\DemoCounterServiceTest" classname="Infection.Tests.TestFramework.Tracing.Fixtures.DemoCounterServiceTest" assertions="1" time="0.026730"/>
        <testcase name="test_multiple_counts_increment_correctly" file="/Users/tfidry/Project/Humbug/infection/tests/phpunit/TestFramework/Tracing/Fixtures/DemoCounterServiceTest.php" line="33" class="Infection\Tests\TestFramework\Tracing\Fixtures\DemoCounterServiceTest" classname="Infection.Tests.TestFramework.Tracing.Fixtures.DemoCounterServiceTest" assertions="4" time="0.001025"/>
        <testcase name="test_custom_step_with_multiple_counts" file="/Users/tfidry/Project/Humbug/infection/tests/phpunit/TestFramework/Tracing/Fixtures/DemoCounterServiceTest.php" line="87" class="Infection\Tests\TestFramework\Tracing\Fixtures\DemoCounterServiceTest" classname="Infection.Tests.TestFramework.Tracing.Fixtures.DemoCounterServiceTest" assertions="3" time="0.000916"/>
        <testcase name="test_set_step_changes_increment_amount" file="/Users/tfidry/Project/Humbug/infection/tests/phpunit/TestFramework/Tracing/Fixtures/DemoCounterServiceTest.php" line="69" class="Infection\Tests\TestFramework\Tracing\Fixtures\DemoCounterServiceTest" classname="Infection.Tests.TestFramework.Tracing.Fixtures.DemoCounterServiceTest" assertions="2" time="0.000865"/>
        <testcase name="test_start_count_affects_subsequent_counts" file="/Users/tfidry/Project/Humbug/infection/tests/phpunit/TestFramework/Tracing/Fixtures/DemoCounterServiceTest.php" line="60" class="Infection\Tests\TestFramework\Tracing\Fixtures\DemoCounterServiceTest" classname="Infection.Tests.TestFramework.Tracing.Fixtures.DemoCounterServiceTest" assertions="2" time="0.000890"/>
        <testcase name="test_start_count_with_default_sets_to_zero" file="/Users/tfidry/Project/Humbug/infection/tests/phpunit/TestFramework/Tracing/Fixtures/DemoCounterServiceTest.php" line="52" class="Infection\Tests\TestFramework\Tracing\Fixtures\DemoCounterServiceTest" classname="Infection.Tests.TestFramework.Tracing.Fixtures.DemoCounterServiceTest" assertions="1" time="0.000861"/>
        <testcase name="test_initial_counter_is_zero" file="/Users/tfidry/Project/Humbug/infection/tests/phpunit/TestFramework/Tracing/Fixtures/DemoCounterServiceTest.php" line="20" class="Infection\Tests\TestFramework\Tracing\Fixtures\DemoCounterServiceTest" classname="Infection.Tests.TestFramework.Tracing.Fixtures.DemoCounterServiceTest" assertions="1" time="0.000851"/>
        <testcase name="test_zero_step_keeps_counter_unchanged" file="/Users/tfidry/Project/Humbug/infection/tests/phpunit/TestFramework/Tracing/Fixtures/DemoCounterServiceTest.php" line="110" class="Infection\Tests\TestFramework\Tracing\Fixtures\DemoCounterServiceTest" classname="Infection.Tests.TestFramework.Tracing.Fixtures.DemoCounterServiceTest" assertions="2" time="0.000839"/>
        <testcase name="test_negative_step_decreases_counter" file="/Users/tfidry/Project/Humbug/infection/tests/phpunit/TestFramework/Tracing/Fixtures/DemoCounterServiceTest.php" line="99" class="Infection\Tests\TestFramework\Tracing\Fixtures\DemoCounterServiceTest" classname="Infection.Tests.TestFramework.Tracing.Fixtures.DemoCounterServiceTest" assertions="2" time="0.000846"/>
        <testcase name="test_count_increments_by_step_and_returns_new_value" file="/Users/tfidry/Project/Humbug/infection/tests/phpunit/TestFramework/Tracing/Fixtures/DemoCounterServiceTest.php" line="25" class="Infection\Tests\TestFramework\Tracing\Fixtures\DemoCounterServiceTest" classname="Infection.Tests.TestFramework.Tracing.Fixtures.DemoCounterServiceTest" assertions="2" time="0.000851"/>
        <testcase name="test_start_count_sets_initial_value" file="/Users/tfidry/Project/Humbug/infection/tests/phpunit/TestFramework/Tracing/Fixtures/DemoCounterServiceTest.php" line="45" class="Infection\Tests\TestFramework\Tracing\Fixtures\DemoCounterServiceTest" classname="Infection.Tests.TestFramework.Tracing.Fixtures.DemoCounterServiceTest" assertions="1" time="0.000827"/>
        <testcase name="test_complex_scenario" file="/Users/tfidry/Project/Humbug/infection/tests/phpunit/TestFramework/Tracing/Fixtures/DemoCounterServiceTest.php" line="121" class="Infection\Tests\TestFramework\Tracing\Fixtures\DemoCounterServiceTest" classname="Infection.Tests.TestFramework.Tracing.Fixtures.DemoCounterServiceTest" assertions="4" time="0.000841"/>
      </testsuite>
    </testsuite>
  </testsuite>
</testsuites>
